\BOOKMARK [0][]{chapter*.1}{Sommario}{}% 1
\BOOKMARK [0][]{chapter.1}{Introduzione}{}% 2
\BOOKMARK [1][]{section.1.1}{Organizzazione della tesi}{chapter.1}% 3
\BOOKMARK [0][]{chapter.2}{Lo stato dell'arte}{}% 4
\BOOKMARK [0][]{chapter.3}{Teoria alla base del problema ed algoritmi per la risoluzione}{}% 5
\BOOKMARK [1][]{section.3.1}{Misura del grado di controversia}{chapter.3}% 6
\BOOKMARK [1][]{section.3.2}{Definizione formale degli algoritmi per la risoluzione}{chapter.3}% 7
\BOOKMARK [1][]{section.3.3}{Calcolo del decremento della controversia associato ad un arco}{chapter.3}% 8
\BOOKMARK [0][]{chapter.4}{Raccolta dati ed implementazione}{}% 9
\BOOKMARK [1][]{section.4.1}{Raccolta dati}{chapter.4}% 10
\BOOKMARK [2][]{subsection.4.1.1}{Twitter Api}{section.4.1}% 11
\BOOKMARK [2][]{subsection.4.1.2}{Tweepy}{section.4.1}% 12
\BOOKMARK [2][]{subsection.4.1.3}{GetOldTweets}{section.4.1}% 13
\BOOKMARK [2][]{subsection.4.1.4}{Processo di raccolta dati}{section.4.1}% 14
\BOOKMARK [1][]{section.4.2}{Implementazione}{chapter.4}% 15
\BOOKMARK [2][]{subsection.4.2.1}{Creazione del retweet graph}{section.4.2}% 16
\BOOKMARK [2][]{subsection.4.2.2}{Individuazione delle echo-chambers}{section.4.2}% 17
\BOOKMARK [2][]{subsection.4.2.3}{Calcolo dell'RWC}{section.4.2}% 18
\BOOKMARK [2][]{subsection.4.2.4}{Implementazione degli algoritmi proposti}{section.4.2}% 19
\BOOKMARK [2][]{subsection.4.2.5}{Modalit\340 di organizzazione dei risultati}{section.4.2}% 20
\BOOKMARK [0][]{chapter.5}{Test dell\220edge-recommendation system in modalit\340 greedy e non}{}% 21
\BOOKMARK [0][]{chapter.6}{Conclusioni e sviluppi futuri}{}% 22
\BOOKMARK [0][]{appendix.Alph1}{An appendix}{}% 23
\BOOKMARK [0][]{appendix.Alph2}{Another appendix}{}% 24
\BOOKMARK [0][]{appendix.Alph2}{Riferimenti bibliografici}{}% 25
