This is pdfTeX, Version 3.14159265-2.6-1.40.17 (TeX Live 2016) (preloaded format=pdflatex 2016.11.24)  5 JUL 2018 12:51
entering extended mode
 restricted \write18 enabled.
 %&-line parsing enabled.
**tesi.tex
(./tesi.tex
LaTeX2e <2016/03/31> patch level 3
Babel <3.9r> and hyphenation patterns for 83 language(s) loaded.
(./toptesi.cls
Document Class: toptesi 2013/09/01 v.5.73 Class for typesetting university thes
es
(/usr/local/texlive/2016/texmf-dist/tex/latex/base/report.cls
Document Class: report 2014/09/29 v1.4h Standard LaTeX document class
(/usr/local/texlive/2016/texmf-dist/tex/latex/base/size12.clo
File: size12.clo 2014/09/29 v1.4h Standard LaTeX file (size option)
)
\c@part=\count79
\c@chapter=\count80
\c@section=\count81
\c@subsection=\count82
\c@subsubsection=\count83
\c@paragraph=\count84
\c@subparagraph=\count85
\c@figure=\count86
\c@table=\count87
\abovecaptionskip=\skip41
\belowcaptionskip=\skip42
\bibindent=\dimen102
)
(/usr/local/texlive/2016/texmf-dist/tex/generic/ifxetex/ifxetex.sty
Package: ifxetex 2010/09/12 v0.6 Provides ifxetex conditional
)
(/usr/local/texlive/2016/texmf-dist/tex/generic/babel/babel.sty
Package: babel 2016/04/23 3.9r The Babel package

(/usr/local/texlive/2016/texmf-dist/tex/generic/babel-english/english.ldf
Language: english 2012/08/20 v3.3p English support from the babel system

(/usr/local/texlive/2016/texmf-dist/tex/generic/babel/babel.def
File: babel.def 2016/04/23 3.9r Babel common definitions
\babel@savecnt=\count88
\U@D=\dimen103
)
\l@canadian = a dialect from \language\l@american 
\l@australian = a dialect from \language\l@british 
\l@newzealand = a dialect from \language\l@british 
)
(/usr/local/texlive/2016/texmf-dist/tex/generic/babel-italian/italian.ldf
Language: italian 2015/03/26 v1.3n Italian support from the babel system
\it@lettering=\count89
\it@doublequoteactive=\count90
\it@ISOcompliance=\count91
))
(/usr/local/texlive/2016/texmf-dist/tex/latex/etoolbox/etoolbox.sty
Package: etoolbox 2015/08/02 v2.2a e-TeX tools for LaTeX (JAW)
\etb@tempcnta=\count92
))
(./toptesi.sty
Package: toptesi 2013/09/01 v.5.73 Extension for toptesi.cls
\T@Pbinding=\skip43

(/usr/local/texlive/2016/texmf-dist/tex/latex/graphics/graphicx.sty
Package: graphicx 2014/10/28 v1.0g Enhanced LaTeX Graphics (DPC,SPQR)

(/usr/local/texlive/2016/texmf-dist/tex/latex/graphics/keyval.sty
Package: keyval 2014/10/28 v1.15 key=value parser (DPC)
\KV@toks@=\toks14
)
(/usr/local/texlive/2016/texmf-dist/tex/latex/graphics/graphics.sty
Package: graphics 2016/07/10 v1.0t Standard LaTeX Graphics (DPC,SPQR)

(/usr/local/texlive/2016/texmf-dist/tex/latex/graphics/trig.sty
Package: trig 2016/01/03 v1.10 sin cos tan (DPC)
)
(/usr/local/texlive/2016/texmf-dist/tex/latex/graphics-cfg/graphics.cfg
File: graphics.cfg 2016/06/04 v1.11 sample graphics configuration
)
Package graphics Info: Driver file: pdftex.def on input line 99.

(/usr/local/texlive/2016/texmf-dist/tex/latex/graphics-def/pdftex.def
File: pdftex.def 2016/07/10 v0.06j Graphics/color for pdfTeX

(/usr/local/texlive/2016/texmf-dist/tex/generic/oberdiek/infwarerr.sty
Package: infwarerr 2016/05/16 v1.4 Providing info/warning/error messages (HO)
)
(/usr/local/texlive/2016/texmf-dist/tex/generic/oberdiek/ltxcmds.sty
Package: ltxcmds 2016/05/16 v1.23 LaTeX kernel commands for general use (HO)
)
\Gread@gobject=\count93
))
\Gin@req@height=\dimen104
\Gin@req@width=\dimen105
)
\interno=\skip44
\@intesta=\box26
\captionwidth=\dimen106
LaTeX Font Info:    Redeclaring math symbol \virgola on input line 338.
LaTeX Font Info:    Redeclaring math symbol \virgoladecimale on input line 339.


(./topfront.sty
Package: topfront 2013/09/01 v.5.73 Title page for TOPtesi
\TPT@logospace=\skip45
\TPT@logobox=\box27
\TPT@logoheight=\dimen107
 (./toptesi.cfg)) (./topcoman.sty
Package: topcoman 2013/09/01 v.5.73 Additional commands for the TOPtesi bundle

(/usr/local/texlive/2016/texmf-dist/tex/latex/base/textcomp.sty
Package: textcomp 2016/06/19 v1.99m Standard LaTeX package
Package textcomp Info: Sub-encoding information:
(textcomp)               5 = only ISO-Adobe without \textcurrency
(textcomp)               4 = 5 + \texteuro
(textcomp)               3 = 4 + \textohm
(textcomp)               2 = 3 + \textestimated + \textcurrency
(textcomp)               1 = TS1 - \textcircled - \t
(textcomp)               0 = TS1 (full)
(textcomp)             Font families with sub-encoding setting implement
(textcomp)             only a restricted character set as indicated.
(textcomp)             Family '?' is the default used for unknown fonts.
(textcomp)             See the documentation for details.
Package textcomp Info: Setting ? sub-encoding to TS1/1 on input line 79.

(/usr/local/texlive/2016/texmf-dist/tex/latex/base/ts1enc.def
File: ts1enc.def 2001/06/05 v3.0e (jk/car/fm) Standard LaTeX file
)
LaTeX Info: Redefining \oldstylenums on input line 334.
Package textcomp Info: Setting cmr sub-encoding to TS1/0 on input line 349.
Package textcomp Info: Setting cmss sub-encoding to TS1/0 on input line 350.
Package textcomp Info: Setting cmtt sub-encoding to TS1/0 on input line 351.
Package textcomp Info: Setting cmvtt sub-encoding to TS1/0 on input line 352.
Package textcomp Info: Setting cmbr sub-encoding to TS1/0 on input line 353.
Package textcomp Info: Setting cmtl sub-encoding to TS1/0 on input line 354.
Package textcomp Info: Setting ccr sub-encoding to TS1/0 on input line 355.
Package textcomp Info: Setting ptm sub-encoding to TS1/4 on input line 356.
Package textcomp Info: Setting pcr sub-encoding to TS1/4 on input line 357.
Package textcomp Info: Setting phv sub-encoding to TS1/4 on input line 358.
Package textcomp Info: Setting ppl sub-encoding to TS1/3 on input line 359.
Package textcomp Info: Setting pag sub-encoding to TS1/4 on input line 360.
Package textcomp Info: Setting pbk sub-encoding to TS1/4 on input line 361.
Package textcomp Info: Setting pnc sub-encoding to TS1/4 on input line 362.
Package textcomp Info: Setting pzc sub-encoding to TS1/4 on input line 363.
Package textcomp Info: Setting bch sub-encoding to TS1/4 on input line 364.
Package textcomp Info: Setting put sub-encoding to TS1/5 on input line 365.
Package textcomp Info: Setting uag sub-encoding to TS1/5 on input line 366.
Package textcomp Info: Setting ugq sub-encoding to TS1/5 on input line 367.
Package textcomp Info: Setting ul8 sub-encoding to TS1/4 on input line 368.
Package textcomp Info: Setting ul9 sub-encoding to TS1/4 on input line 369.
Package textcomp Info: Setting augie sub-encoding to TS1/5 on input line 370.
Package textcomp Info: Setting dayrom sub-encoding to TS1/3 on input line 371.
Package textcomp Info: Setting dayroms sub-encoding to TS1/3 on input line 372.

Package textcomp Info: Setting pxr sub-encoding to TS1/0 on input line 373.
Package textcomp Info: Setting pxss sub-encoding to TS1/0 on input line 374.
Package textcomp Info: Setting pxtt sub-encoding to TS1/0 on input line 375.
Package textcomp Info: Setting txr sub-encoding to TS1/0 on input line 376.
Package textcomp Info: Setting txss sub-encoding to TS1/0 on input line 377.
Package textcomp Info: Setting txtt sub-encoding to TS1/0 on input line 378.
Package textcomp Info: Setting lmr sub-encoding to TS1/0 on input line 379.
Package textcomp Info: Setting lmdh sub-encoding to TS1/0 on input line 380.
Package textcomp Info: Setting lmss sub-encoding to TS1/0 on input line 381.
Package textcomp Info: Setting lmssq sub-encoding to TS1/0 on input line 382.
Package textcomp Info: Setting lmvtt sub-encoding to TS1/0 on input line 383.
Package textcomp Info: Setting lmtt sub-encoding to TS1/0 on input line 384.
Package textcomp Info: Setting qhv sub-encoding to TS1/0 on input line 385.
Package textcomp Info: Setting qag sub-encoding to TS1/0 on input line 386.
Package textcomp Info: Setting qbk sub-encoding to TS1/0 on input line 387.
Package textcomp Info: Setting qcr sub-encoding to TS1/0 on input line 388.
Package textcomp Info: Setting qcs sub-encoding to TS1/0 on input line 389.
Package textcomp Info: Setting qpl sub-encoding to TS1/0 on input line 390.
Package textcomp Info: Setting qtm sub-encoding to TS1/0 on input line 391.
Package textcomp Info: Setting qzc sub-encoding to TS1/0 on input line 392.
Package textcomp Info: Setting qhvc sub-encoding to TS1/0 on input line 393.
Package textcomp Info: Setting futs sub-encoding to TS1/4 on input line 394.
Package textcomp Info: Setting futx sub-encoding to TS1/4 on input line 395.
Package textcomp Info: Setting futj sub-encoding to TS1/4 on input line 396.
Package textcomp Info: Setting hlh sub-encoding to TS1/3 on input line 397.
Package textcomp Info: Setting hls sub-encoding to TS1/3 on input line 398.
Package textcomp Info: Setting hlst sub-encoding to TS1/3 on input line 399.
Package textcomp Info: Setting hlct sub-encoding to TS1/5 on input line 400.
Package textcomp Info: Setting hlx sub-encoding to TS1/5 on input line 401.
Package textcomp Info: Setting hlce sub-encoding to TS1/5 on input line 402.
Package textcomp Info: Setting hlcn sub-encoding to TS1/5 on input line 403.
Package textcomp Info: Setting hlcw sub-encoding to TS1/5 on input line 404.
Package textcomp Info: Setting hlcf sub-encoding to TS1/5 on input line 405.
Package textcomp Info: Setting pplx sub-encoding to TS1/3 on input line 406.
Package textcomp Info: Setting pplj sub-encoding to TS1/3 on input line 407.
Package textcomp Info: Setting ptmx sub-encoding to TS1/4 on input line 408.
Package textcomp Info: Setting ptmj sub-encoding to TS1/4 on input line 409.
)
\tabwidth=\dimen108
)
\c@tomo=\count94
)
(/usr/local/texlive/2016/texmf-dist/tex/latex/base/inputenc.sty
Package: inputenc 2015/03/17 v1.2c Input encoding file
\inpenc@prehook=\toks15
\inpenc@posthook=\toks16

(/usr/local/texlive/2016/texmf-dist/tex/latex/base/utf8.def
File: utf8.def 2016/02/28 v1.1s UTF-8 support for inputenc
Now handling font encoding OML ...
... no UTF-8 mapping file for font encoding OML
Now handling font encoding T1 ...
... processing UTF-8 mapping file for font encoding T1

(/usr/local/texlive/2016/texmf-dist/tex/latex/base/t1enc.dfu
File: t1enc.dfu 2016/02/28 v1.1s UTF-8 support for inputenc
   defining Unicode char U+00A0 (decimal 160)
   defining Unicode char U+00A1 (decimal 161)
   defining Unicode char U+00A3 (decimal 163)
   defining Unicode char U+00AB (decimal 171)
   defining Unicode char U+00AD (decimal 173)
   defining Unicode char U+00BB (decimal 187)
   defining Unicode char U+00BF (decimal 191)
   defining Unicode char U+00C0 (decimal 192)
   defining Unicode char U+00C1 (decimal 193)
   defining Unicode char U+00C2 (decimal 194)
   defining Unicode char U+00C3 (decimal 195)
   defining Unicode char U+00C4 (decimal 196)
   defining Unicode char U+00C5 (decimal 197)
   defining Unicode char U+00C6 (decimal 198)
   defining Unicode char U+00C7 (decimal 199)
   defining Unicode char U+00C8 (decimal 200)
   defining Unicode char U+00C9 (decimal 201)
   defining Unicode char U+00CA (decimal 202)
   defining Unicode char U+00CB (decimal 203)
   defining Unicode char U+00CC (decimal 204)
   defining Unicode char U+00CD (decimal 205)
   defining Unicode char U+00CE (decimal 206)
   defining Unicode char U+00CF (decimal 207)
   defining Unicode char U+00D0 (decimal 208)
   defining Unicode char U+00D1 (decimal 209)
   defining Unicode char U+00D2 (decimal 210)
   defining Unicode char U+00D3 (decimal 211)
   defining Unicode char U+00D4 (decimal 212)
   defining Unicode char U+00D5 (decimal 213)
   defining Unicode char U+00D6 (decimal 214)
   defining Unicode char U+00D8 (decimal 216)
   defining Unicode char U+00D9 (decimal 217)
   defining Unicode char U+00DA (decimal 218)
   defining Unicode char U+00DB (decimal 219)
   defining Unicode char U+00DC (decimal 220)
   defining Unicode char U+00DD (decimal 221)
   defining Unicode char U+00DE (decimal 222)
   defining Unicode char U+00DF (decimal 223)
   defining Unicode char U+00E0 (decimal 224)
   defining Unicode char U+00E1 (decimal 225)
   defining Unicode char U+00E2 (decimal 226)
   defining Unicode char U+00E3 (decimal 227)
   defining Unicode char U+00E4 (decimal 228)
   defining Unicode char U+00E5 (decimal 229)
   defining Unicode char U+00E6 (decimal 230)
   defining Unicode char U+00E7 (decimal 231)
   defining Unicode char U+00E8 (decimal 232)
   defining Unicode char U+00E9 (decimal 233)
   defining Unicode char U+00EA (decimal 234)
   defining Unicode char U+00EB (decimal 235)
   defining Unicode char U+00EC (decimal 236)
   defining Unicode char U+00ED (decimal 237)
   defining Unicode char U+00EE (decimal 238)
   defining Unicode char U+00EF (decimal 239)
   defining Unicode char U+00F0 (decimal 240)
   defining Unicode char U+00F1 (decimal 241)
   defining Unicode char U+00F2 (decimal 242)
   defining Unicode char U+00F3 (decimal 243)
   defining Unicode char U+00F4 (decimal 244)
   defining Unicode char U+00F5 (decimal 245)
   defining Unicode char U+00F6 (decimal 246)
   defining Unicode char U+00F8 (decimal 248)
   defining Unicode char U+00F9 (decimal 249)
   defining Unicode char U+00FA (decimal 250)
   defining Unicode char U+00FB (decimal 251)
   defining Unicode char U+00FC (decimal 252)
   defining Unicode char U+00FD (decimal 253)
   defining Unicode char U+00FE (decimal 254)
   defining Unicode char U+00FF (decimal 255)
   defining Unicode char U+0100 (decimal 256)
   defining Unicode char U+0101 (decimal 257)
   defining Unicode char U+0102 (decimal 258)
   defining Unicode char U+0103 (decimal 259)
   defining Unicode char U+0104 (decimal 260)
   defining Unicode char U+0105 (decimal 261)
   defining Unicode char U+0106 (decimal 262)
   defining Unicode char U+0107 (decimal 263)
   defining Unicode char U+0108 (decimal 264)
   defining Unicode char U+0109 (decimal 265)
   defining Unicode char U+010A (decimal 266)
   defining Unicode char U+010B (decimal 267)
   defining Unicode char U+010C (decimal 268)
   defining Unicode char U+010D (decimal 269)
   defining Unicode char U+010E (decimal 270)
   defining Unicode char U+010F (decimal 271)
   defining Unicode char U+0110 (decimal 272)
   defining Unicode char U+0111 (decimal 273)
   defining Unicode char U+0112 (decimal 274)
   defining Unicode char U+0113 (decimal 275)
   defining Unicode char U+0114 (decimal 276)
   defining Unicode char U+0115 (decimal 277)
   defining Unicode char U+0116 (decimal 278)
   defining Unicode char U+0117 (decimal 279)
   defining Unicode char U+0118 (decimal 280)
   defining Unicode char U+0119 (decimal 281)
   defining Unicode char U+011A (decimal 282)
   defining Unicode char U+011B (decimal 283)
   defining Unicode char U+011C (decimal 284)
   defining Unicode char U+011D (decimal 285)
   defining Unicode char U+011E (decimal 286)
   defining Unicode char U+011F (decimal 287)
   defining Unicode char U+0120 (decimal 288)
   defining Unicode char U+0121 (decimal 289)
   defining Unicode char U+0122 (decimal 290)
   defining Unicode char U+0123 (decimal 291)
   defining Unicode char U+0124 (decimal 292)
   defining Unicode char U+0125 (decimal 293)
   defining Unicode char U+0128 (decimal 296)
   defining Unicode char U+0129 (decimal 297)
   defining Unicode char U+012A (decimal 298)
   defining Unicode char U+012B (decimal 299)
   defining Unicode char U+012C (decimal 300)
   defining Unicode char U+012D (decimal 301)
   defining Unicode char U+012E (decimal 302)
   defining Unicode char U+012F (decimal 303)
   defining Unicode char U+0130 (decimal 304)
   defining Unicode char U+0131 (decimal 305)
   defining Unicode char U+0132 (decimal 306)
   defining Unicode char U+0133 (decimal 307)
   defining Unicode char U+0134 (decimal 308)
   defining Unicode char U+0135 (decimal 309)
   defining Unicode char U+0136 (decimal 310)
   defining Unicode char U+0137 (decimal 311)
   defining Unicode char U+0139 (decimal 313)
   defining Unicode char U+013A (decimal 314)
   defining Unicode char U+013B (decimal 315)
   defining Unicode char U+013C (decimal 316)
   defining Unicode char U+013D (decimal 317)
   defining Unicode char U+013E (decimal 318)
   defining Unicode char U+0141 (decimal 321)
   defining Unicode char U+0142 (decimal 322)
   defining Unicode char U+0143 (decimal 323)
   defining Unicode char U+0144 (decimal 324)
   defining Unicode char U+0145 (decimal 325)
   defining Unicode char U+0146 (decimal 326)
   defining Unicode char U+0147 (decimal 327)
   defining Unicode char U+0148 (decimal 328)
   defining Unicode char U+014A (decimal 330)
   defining Unicode char U+014B (decimal 331)
   defining Unicode char U+014C (decimal 332)
   defining Unicode char U+014D (decimal 333)
   defining Unicode char U+014E (decimal 334)
   defining Unicode char U+014F (decimal 335)
   defining Unicode char U+0150 (decimal 336)
   defining Unicode char U+0151 (decimal 337)
   defining Unicode char U+0152 (decimal 338)
   defining Unicode char U+0153 (decimal 339)
   defining Unicode char U+0154 (decimal 340)
   defining Unicode char U+0155 (decimal 341)
   defining Unicode char U+0156 (decimal 342)
   defining Unicode char U+0157 (decimal 343)
   defining Unicode char U+0158 (decimal 344)
   defining Unicode char U+0159 (decimal 345)
   defining Unicode char U+015A (decimal 346)
   defining Unicode char U+015B (decimal 347)
   defining Unicode char U+015C (decimal 348)
   defining Unicode char U+015D (decimal 349)
   defining Unicode char U+015E (decimal 350)
   defining Unicode char U+015F (decimal 351)
   defining Unicode char U+0160 (decimal 352)
   defining Unicode char U+0161 (decimal 353)
   defining Unicode char U+0162 (decimal 354)
   defining Unicode char U+0163 (decimal 355)
   defining Unicode char U+0164 (decimal 356)
   defining Unicode char U+0165 (decimal 357)
   defining Unicode char U+0168 (decimal 360)
   defining Unicode char U+0169 (decimal 361)
   defining Unicode char U+016A (decimal 362)
   defining Unicode char U+016B (decimal 363)
   defining Unicode char U+016C (decimal 364)
   defining Unicode char U+016D (decimal 365)
   defining Unicode char U+016E (decimal 366)
   defining Unicode char U+016F (decimal 367)
   defining Unicode char U+0170 (decimal 368)
   defining Unicode char U+0171 (decimal 369)
   defining Unicode char U+0172 (decimal 370)
   defining Unicode char U+0173 (decimal 371)
   defining Unicode char U+0174 (decimal 372)
   defining Unicode char U+0175 (decimal 373)
   defining Unicode char U+0176 (decimal 374)
   defining Unicode char U+0177 (decimal 375)
   defining Unicode char U+0178 (decimal 376)
   defining Unicode char U+0179 (decimal 377)
   defining Unicode char U+017A (decimal 378)
   defining Unicode char U+017B (decimal 379)
   defining Unicode char U+017C (decimal 380)
   defining Unicode char U+017D (decimal 381)
   defining Unicode char U+017E (decimal 382)
   defining Unicode char U+01CD (decimal 461)
   defining Unicode char U+01CE (decimal 462)
   defining Unicode char U+01CF (decimal 463)
   defining Unicode char U+01D0 (decimal 464)
   defining Unicode char U+01D1 (decimal 465)
   defining Unicode char U+01D2 (decimal 466)
   defining Unicode char U+01D3 (decimal 467)
   defining Unicode char U+01D4 (decimal 468)
   defining Unicode char U+01E2 (decimal 482)
   defining Unicode char U+01E3 (decimal 483)
   defining Unicode char U+01E6 (decimal 486)
   defining Unicode char U+01E7 (decimal 487)
   defining Unicode char U+01E8 (decimal 488)
   defining Unicode char U+01E9 (decimal 489)
   defining Unicode char U+01EA (decimal 490)
   defining Unicode char U+01EB (decimal 491)
   defining Unicode char U+01F0 (decimal 496)
   defining Unicode char U+01F4 (decimal 500)
   defining Unicode char U+01F5 (decimal 501)
   defining Unicode char U+0218 (decimal 536)
   defining Unicode char U+0219 (decimal 537)
   defining Unicode char U+021A (decimal 538)
   defining Unicode char U+021B (decimal 539)
   defining Unicode char U+1E02 (decimal 7682)
   defining Unicode char U+1E03 (decimal 7683)
   defining Unicode char U+200C (decimal 8204)
   defining Unicode char U+2010 (decimal 8208)
   defining Unicode char U+2011 (decimal 8209)
   defining Unicode char U+2012 (decimal 8210)
   defining Unicode char U+2013 (decimal 8211)
   defining Unicode char U+2014 (decimal 8212)
   defining Unicode char U+2015 (decimal 8213)
   defining Unicode char U+2018 (decimal 8216)
   defining Unicode char U+2019 (decimal 8217)
   defining Unicode char U+201A (decimal 8218)
   defining Unicode char U+201C (decimal 8220)
   defining Unicode char U+201D (decimal 8221)
   defining Unicode char U+201E (decimal 8222)
   defining Unicode char U+2030 (decimal 8240)
   defining Unicode char U+2031 (decimal 8241)
   defining Unicode char U+2039 (decimal 8249)
   defining Unicode char U+203A (decimal 8250)
   defining Unicode char U+2423 (decimal 9251)
)
Now handling font encoding OT1 ...
... processing UTF-8 mapping file for font encoding OT1

(/usr/local/texlive/2016/texmf-dist/tex/latex/base/ot1enc.dfu
File: ot1enc.dfu 2016/02/28 v1.1s UTF-8 support for inputenc
   defining Unicode char U+00A0 (decimal 160)
   defining Unicode char U+00A1 (decimal 161)
   defining Unicode char U+00A3 (decimal 163)
   defining Unicode char U+00AD (decimal 173)
   defining Unicode char U+00B8 (decimal 184)
   defining Unicode char U+00BF (decimal 191)
   defining Unicode char U+00C5 (decimal 197)
   defining Unicode char U+00C6 (decimal 198)
   defining Unicode char U+00D8 (decimal 216)
   defining Unicode char U+00DF (decimal 223)
   defining Unicode char U+00E6 (decimal 230)
   defining Unicode char U+00EC (decimal 236)
   defining Unicode char U+00ED (decimal 237)
   defining Unicode char U+00EE (decimal 238)
   defining Unicode char U+00EF (decimal 239)
   defining Unicode char U+00F8 (decimal 248)
   defining Unicode char U+0131 (decimal 305)
   defining Unicode char U+0141 (decimal 321)
   defining Unicode char U+0142 (decimal 322)
   defining Unicode char U+0152 (decimal 338)
   defining Unicode char U+0153 (decimal 339)
   defining Unicode char U+0174 (decimal 372)
   defining Unicode char U+0175 (decimal 373)
   defining Unicode char U+0176 (decimal 374)
   defining Unicode char U+0177 (decimal 375)
   defining Unicode char U+0218 (decimal 536)
   defining Unicode char U+0219 (decimal 537)
   defining Unicode char U+021A (decimal 538)
   defining Unicode char U+021B (decimal 539)
   defining Unicode char U+2013 (decimal 8211)
   defining Unicode char U+2014 (decimal 8212)
   defining Unicode char U+2018 (decimal 8216)
   defining Unicode char U+2019 (decimal 8217)
   defining Unicode char U+201C (decimal 8220)
   defining Unicode char U+201D (decimal 8221)
)
Now handling font encoding OMS ...
... processing UTF-8 mapping file for font encoding OMS

(/usr/local/texlive/2016/texmf-dist/tex/latex/base/omsenc.dfu
File: omsenc.dfu 2016/02/28 v1.1s UTF-8 support for inputenc
   defining Unicode char U+00A7 (decimal 167)
   defining Unicode char U+00B6 (decimal 182)
   defining Unicode char U+00B7 (decimal 183)
   defining Unicode char U+2020 (decimal 8224)
   defining Unicode char U+2021 (decimal 8225)
   defining Unicode char U+2022 (decimal 8226)
)
Now handling font encoding OMX ...
... no UTF-8 mapping file for font encoding OMX
Now handling font encoding U ...
... no UTF-8 mapping file for font encoding U
Now handling font encoding TS1 ...
... processing UTF-8 mapping file for font encoding TS1

(/usr/local/texlive/2016/texmf-dist/tex/latex/base/ts1enc.dfu
File: ts1enc.dfu 2016/02/28 v1.1s UTF-8 support for inputenc
   defining Unicode char U+00A2 (decimal 162)
   defining Unicode char U+00A3 (decimal 163)
   defining Unicode char U+00A4 (decimal 164)
   defining Unicode char U+00A5 (decimal 165)
   defining Unicode char U+00A6 (decimal 166)
   defining Unicode char U+00A7 (decimal 167)
   defining Unicode char U+00A8 (decimal 168)
   defining Unicode char U+00A9 (decimal 169)
   defining Unicode char U+00AA (decimal 170)
   defining Unicode char U+00AC (decimal 172)
   defining Unicode char U+00AE (decimal 174)
   defining Unicode char U+00AF (decimal 175)
   defining Unicode char U+00B0 (decimal 176)
   defining Unicode char U+00B1 (decimal 177)
   defining Unicode char U+00B2 (decimal 178)
   defining Unicode char U+00B3 (decimal 179)
   defining Unicode char U+00B4 (decimal 180)
   defining Unicode char U+00B5 (decimal 181)
   defining Unicode char U+00B6 (decimal 182)
   defining Unicode char U+00B7 (decimal 183)
   defining Unicode char U+00B9 (decimal 185)
   defining Unicode char U+00BA (decimal 186)
   defining Unicode char U+00BC (decimal 188)
   defining Unicode char U+00BD (decimal 189)
   defining Unicode char U+00BE (decimal 190)
   defining Unicode char U+00D7 (decimal 215)
   defining Unicode char U+00F7 (decimal 247)
   defining Unicode char U+0192 (decimal 402)
   defining Unicode char U+02C7 (decimal 711)
   defining Unicode char U+02D8 (decimal 728)
   defining Unicode char U+02DD (decimal 733)
   defining Unicode char U+0E3F (decimal 3647)
   defining Unicode char U+2016 (decimal 8214)
   defining Unicode char U+2020 (decimal 8224)
   defining Unicode char U+2021 (decimal 8225)
   defining Unicode char U+2022 (decimal 8226)
   defining Unicode char U+2030 (decimal 8240)
   defining Unicode char U+2031 (decimal 8241)
   defining Unicode char U+203B (decimal 8251)
   defining Unicode char U+203D (decimal 8253)
   defining Unicode char U+2044 (decimal 8260)
   defining Unicode char U+204E (decimal 8270)
   defining Unicode char U+2052 (decimal 8274)
   defining Unicode char U+20A1 (decimal 8353)
   defining Unicode char U+20A4 (decimal 8356)
   defining Unicode char U+20A6 (decimal 8358)
   defining Unicode char U+20A9 (decimal 8361)
   defining Unicode char U+20AB (decimal 8363)
   defining Unicode char U+20AC (decimal 8364)
   defining Unicode char U+20B1 (decimal 8369)
   defining Unicode char U+2103 (decimal 8451)
   defining Unicode char U+2116 (decimal 8470)
   defining Unicode char U+2117 (decimal 8471)
   defining Unicode char U+211E (decimal 8478)
   defining Unicode char U+2120 (decimal 8480)
   defining Unicode char U+2122 (decimal 8482)
   defining Unicode char U+2126 (decimal 8486)
   defining Unicode char U+2127 (decimal 8487)
   defining Unicode char U+212E (decimal 8494)
   defining Unicode char U+2190 (decimal 8592)
   defining Unicode char U+2191 (decimal 8593)
   defining Unicode char U+2192 (decimal 8594)
   defining Unicode char U+2193 (decimal 8595)
   defining Unicode char U+2329 (decimal 9001)
   defining Unicode char U+232A (decimal 9002)
   defining Unicode char U+2422 (decimal 9250)
   defining Unicode char U+25E6 (decimal 9702)
   defining Unicode char U+25EF (decimal 9711)
   defining Unicode char U+266A (decimal 9834)
)
   defining Unicode char U+00A9 (decimal 169)
   defining Unicode char U+00AA (decimal 170)
   defining Unicode char U+00AE (decimal 174)
   defining Unicode char U+00BA (decimal 186)
   defining Unicode char U+02C6 (decimal 710)
   defining Unicode char U+02DC (decimal 732)
   defining Unicode char U+200C (decimal 8204)
   defining Unicode char U+2026 (decimal 8230)
   defining Unicode char U+2122 (decimal 8482)
   defining Unicode char U+2423 (decimal 9251)
))
(/usr/local/texlive/2016/texmf-dist/tex/latex/base/fontenc.sty
Package: fontenc 2016/06/19 v1.99m Standard LaTeX package

(/usr/local/texlive/2016/texmf-dist/tex/latex/base/t1enc.def
File: t1enc.def 2016/06/19 v1.99m Standard LaTeX file
LaTeX Font Info:    Redeclaring font encoding T1 on input line 48.
))
(/usr/local/texlive/2016/texmf-dist/tex/latex/blindtext/blindtext.sty
Package: blindtext 2012/01/06 V2.0 blindtext-Package

(/usr/local/texlive/2016/texmf-dist/tex/latex/tools/xspace.sty
Package: xspace 2014/10/28 v1.13 Space after command names (DPC,MH)
)
\c@blindtext=\count95
\c@Blindtext=\count96
\c@blind@countparstart=\count97
\blind@countxx=\count98
\blindtext@numBlindtext=\count99
\blind@countyy=\count100
\c@blindlist=\count101
\c@blindlistlevel=\count102
\c@blindlist@level=\count103
\blind@listitem=\count104
\c@blind@listcount=\count105
\c@blind@levelcount=\count106
\blind@mathformula=\count107
\blind@Mathformula=\count108
\c@blind@randomcount=\count109
\c@blind@randommax=\count110
\c@blind@pangramcount=\count111
\c@blind@pangrammax=\count112
)
(/usr/local/texlive/2016/texmf-dist/tex/latex/wrapfig/wrapfig.sty
\wrapoverhang=\dimen109
\WF@size=\dimen110
\c@WF@wrappedlines=\count113
\WF@box=\box28
\WF@everypar=\toks17
Package: wrapfig 2003/01/31  v 3.6
)
(/usr/local/texlive/2016/texmf-dist/tex/latex/booktabs/booktabs.sty
Package: booktabs 2016/04/27 v1.618033 publication quality tables
\heavyrulewidth=\dimen111
\lightrulewidth=\dimen112
\cmidrulewidth=\dimen113
\belowrulesep=\dimen114
\belowbottomsep=\dimen115
\aboverulesep=\dimen116
\abovetopsep=\dimen117
\cmidrulesep=\dimen118
\cmidrulekern=\dimen119
\defaultaddspace=\dimen120
\@cmidla=\count114
\@cmidlb=\count115
\@aboverulesep=\dimen121
\@belowrulesep=\dimen122
\@thisruleclass=\count116
\@lastruleclass=\count117
\@thisrulewidth=\dimen123
)
(/usr/local/texlive/2016/texmf-dist/tex/latex/lm/lmodern.sty
Package: lmodern 2009/10/30 v1.6 Latin Modern Fonts
LaTeX Font Info:    Overwriting symbol font `operators' in version `normal'
(Font)                  OT1/cmr/m/n --> OT1/lmr/m/n on input line 22.
LaTeX Font Info:    Overwriting symbol font `letters' in version `normal'
(Font)                  OML/cmm/m/it --> OML/lmm/m/it on input line 23.
LaTeX Font Info:    Overwriting symbol font `symbols' in version `normal'
(Font)                  OMS/cmsy/m/n --> OMS/lmsy/m/n on input line 24.
LaTeX Font Info:    Overwriting symbol font `largesymbols' in version `normal'
(Font)                  OMX/cmex/m/n --> OMX/lmex/m/n on input line 25.
LaTeX Font Info:    Overwriting symbol font `operators' in version `bold'
(Font)                  OT1/cmr/bx/n --> OT1/lmr/bx/n on input line 26.
LaTeX Font Info:    Overwriting symbol font `letters' in version `bold'
(Font)                  OML/cmm/b/it --> OML/lmm/b/it on input line 27.
LaTeX Font Info:    Overwriting symbol font `symbols' in version `bold'
(Font)                  OMS/cmsy/b/n --> OMS/lmsy/b/n on input line 28.
LaTeX Font Info:    Overwriting symbol font `largesymbols' in version `bold'
(Font)                  OMX/cmex/m/n --> OMX/lmex/m/n on input line 29.
LaTeX Font Info:    Overwriting math alphabet `\mathbf' in version `normal'
(Font)                  OT1/cmr/bx/n --> OT1/lmr/bx/n on input line 31.
LaTeX Font Info:    Overwriting math alphabet `\mathsf' in version `normal'
(Font)                  OT1/cmss/m/n --> OT1/lmss/m/n on input line 32.
LaTeX Font Info:    Overwriting math alphabet `\mathit' in version `normal'
(Font)                  OT1/cmr/m/it --> OT1/lmr/m/it on input line 33.
LaTeX Font Info:    Overwriting math alphabet `\mathtt' in version `normal'
(Font)                  OT1/cmtt/m/n --> OT1/lmtt/m/n on input line 34.
LaTeX Font Info:    Overwriting math alphabet `\mathbf' in version `bold'
(Font)                  OT1/cmr/bx/n --> OT1/lmr/bx/n on input line 35.
LaTeX Font Info:    Overwriting math alphabet `\mathsf' in version `bold'
(Font)                  OT1/cmss/bx/n --> OT1/lmss/bx/n on input line 36.
LaTeX Font Info:    Overwriting math alphabet `\mathit' in version `bold'
(Font)                  OT1/cmr/bx/it --> OT1/lmr/bx/it on input line 37.
LaTeX Font Info:    Overwriting math alphabet `\mathtt' in version `bold'
(Font)                  OT1/cmtt/m/n --> OT1/lmtt/m/n on input line 38.
)
(/usr/local/texlive/2016/texmf-dist/tex/latex/tools/varioref.sty
Package: varioref 2016/02/16 v1.5c package for extended references (FMi)
\c@vrcnt=\count118
)
(/usr/local/texlive/2016/texmf-dist/tex/latex/url/url.sty
\Urlmuskip=\muskip10
Package: url 2013/09/16  ver 3.4  Verb mode for urls, etc.
)
(/usr/local/texlive/2016/texmf-dist/tex/latex/tools/array.sty
Package: array 2014/10/28 v2.4c Tabular extension package (FMi)
\col@sep=\dimen124
\extrarowheight=\dimen125
\NC@list=\toks18
\extratabsurround=\skip46
\backup@length=\skip47
)
(/usr/local/texlive/2016/texmf-dist/tex/latex/paralist/paralist.sty
Package: paralist 2016/08/07 v2.6 Extended list environments
\pltopsep=\skip48
\plpartopsep=\skip49
\plitemsep=\skip50
\plparsep=\skip51
\pl@lab=\toks19
)
(/usr/local/texlive/2016/texmf-dist/tex/latex/tools/verbatim.sty
Package: verbatim 2014/10/28 v1.5q LaTeX2e package for verbatim enhancements
\every@verbatim=\toks20
\verbatim@line=\toks21
\verbatim@in@stream=\read1
)
(/usr/local/texlive/2016/texmf-dist/tex/latex/subfig/subfig.sty
Package: subfig 2005/06/28 ver: 1.3 subfig package

(/usr/local/texlive/2016/texmf-dist/tex/latex/caption/caption.sty
Package: caption 2016/02/21 v3.3-144 Customizing captions (AR)

(/usr/local/texlive/2016/texmf-dist/tex/latex/caption/caption3.sty
Package: caption3 2016/05/22 v1.7-166 caption3 kernel (AR)
Package caption3 Info: TeX engine: e-TeX on input line 67.
\captionmargin=\dimen126
\captionmargin@=\dimen127
\captionwidth=\dimen128
\caption@tempdima=\dimen129
\caption@indent=\dimen130
\caption@parindent=\dimen131
\caption@hangindent=\dimen132
Package caption Info: Unknown document class (or package),
(caption)             standard defaults will be used.
)

Package caption Warning: Unsupported document class (or package) detected,
(caption)                usage of the caption package is not recommended.
See the caption package documentation for explanation.

Package caption Info: \@makecaption = \long macro:#1#2->\begingroup \small \par
skip \z@ \parindent \z@ \finalhyphendemerits 100000\relax \linespread {0.95}\se
lectfont \vskip \abovecaptionskip \captionwidth =\hsize \advance \captionwidth 
-3em \setbox 0 \hbox {#1.\quad #2}\ifdim \wd 0>\hsize \setbox 1 \vbox {\hsize =
\captionwidth \unhbox 0\par \global \setbox 2\lastbox }\setbox 2\hbox {\unhbox 
2}\ifdim \wd 2<0.333333\captionwidth \count 255=\ht 1 \advance \count 255 \dp 1
 \divide \count 255\baselineskip \advance \count 255\@ne \@tempdima =\wd 2 \adv
ance \@tempdima \count 255\captionwidth \advance \@tempdima 0.5\captionwidth \a
dvance \count 255\@ne \divide \@tempdima \count 255 \captionwidth =\@tempdima \
setbox 0 \vbox {\hsize \captionwidth #1.\quad #2} \else \setbox 2\hbox to\capti
onwidth {\unhbox 2 \hfill }\setbox 0\vbox {\unvbox 1\box 2}\fi \fi \makebox [\h
size ]{\box 0}\endgroup .
\c@ContinuedFloat=\count119
Package caption Info: wrapfig package is loaded.
)
\c@KVtest=\count120
\sf@farskip=\skip52
\sf@captopadj=\dimen133
\sf@capskip=\skip53
\sf@nearskip=\skip54
\c@subfigure=\count121
\c@subfigure@save=\count122
\c@lofdepth=\count123
\c@subtable=\count124
\c@subtable@save=\count125
\c@lotdepth=\count126
\sf@top=\skip55
\sf@bottom=\skip56
) (/usr/local/texlive/2016/texmf-dist/tex/latex/tools/tabularx.sty
Package: tabularx 2016/02/03 v2.11 `tabularx' package (DPC)
\TX@col@width=\dimen134
\TX@old@table=\dimen135
\TX@old@col=\dimen136
\TX@target=\dimen137
\TX@delta=\dimen138
\TX@cols=\count127
\TX@ftn=\toks22
)
(/usr/local/texlive/2016/texmf-dist/tex/latex/amsmath/amsmath.sty
Package: amsmath 2016/06/28 v2.15d AMS math features
\@mathmargin=\skip57

For additional information on amsmath, use the `?' option.
(/usr/local/texlive/2016/texmf-dist/tex/latex/amsmath/amstext.sty
Package: amstext 2000/06/29 v2.01 AMS text

(/usr/local/texlive/2016/texmf-dist/tex/latex/amsmath/amsgen.sty
File: amsgen.sty 1999/11/30 v2.0 generic functions
\@emptytoks=\toks23
\ex@=\dimen139
))
(/usr/local/texlive/2016/texmf-dist/tex/latex/amsmath/amsbsy.sty
Package: amsbsy 1999/11/29 v1.2d Bold Symbols
\pmbraise@=\dimen140
)
(/usr/local/texlive/2016/texmf-dist/tex/latex/amsmath/amsopn.sty
Package: amsopn 2016/03/08 v2.02 operator names
)
\inf@bad=\count128
LaTeX Info: Redefining \frac on input line 199.
\uproot@=\count129
\leftroot@=\count130
LaTeX Info: Redefining \overline on input line 297.
\classnum@=\count131
\DOTSCASE@=\count132
LaTeX Info: Redefining \ldots on input line 394.
LaTeX Info: Redefining \dots on input line 397.
LaTeX Info: Redefining \cdots on input line 518.
\Mathstrutbox@=\box29
\strutbox@=\box30
\big@size=\dimen141
LaTeX Font Info:    Redeclaring font encoding OML on input line 634.
LaTeX Font Info:    Redeclaring font encoding OMS on input line 635.
\macc@depth=\count133
\c@MaxMatrixCols=\count134
\dotsspace@=\muskip11
\c@parentequation=\count135
\dspbrk@lvl=\count136
\tag@help=\toks24
\row@=\count137
\column@=\count138
\maxfields@=\count139
\andhelp@=\toks25
\eqnshift@=\dimen142
\alignsep@=\dimen143
\tagshift@=\dimen144
\tagwidth@=\dimen145
\totwidth@=\dimen146
\lineht@=\dimen147
\@envbody=\toks26
\multlinegap=\skip58
\multlinetaggap=\skip59
\mathdisplay@stack=\toks27
LaTeX Info: Redefining \[ on input line 2739.
LaTeX Info: Redefining \] on input line 2740.
)
(/usr/local/texlive/2016/texmf-dist/tex/latex/amsfonts/amsfonts.sty
Package: amsfonts 2013/01/14 v3.01 Basic AMSFonts support
\symAMSa=\mathgroup4
\symAMSb=\mathgroup5
LaTeX Font Info:    Overwriting math alphabet `\mathfrak' in version `bold'
(Font)                  U/euf/m/n --> U/euf/b/n on input line 106.
)
(/usr/local/texlive/2016/texmf-dist/tex/latex/float/float.sty
Package: float 2001/11/08 v1.3d Float enhancements (AL)
\c@float@type=\count140
\float@exts=\toks28
\float@box=\box31
\@float@everytoks=\toks29
\@floatcapt=\box32
)
(/usr/local/texlive/2016/texmf-dist/tex/latex/amsfonts/amssymb.sty
Package: amssymb 2013/01/14 v3.01 AMS font symbols
)
(/usr/local/texlive/2016/texmf-dist/tex/latex/tools/multicol.sty
Package: multicol 2016/04/07 v1.8p multicolumn formatting (FMi)
\c@tracingmulticols=\count141
\mult@box=\box33
\multicol@leftmargin=\dimen148
\c@unbalance=\count142
\c@collectmore=\count143
\doublecol@number=\count144
\multicoltolerance=\count145
\multicolpretolerance=\count146
\full@width=\dimen149
\page@free=\dimen150
\premulticols=\dimen151
\postmulticols=\dimen152
\multicolsep=\skip60
\multicolbaselineskip=\skip61
\partial@page=\box34
\last@line=\box35
\maxbalancingoverflow=\dimen153
\mult@rightbox=\box36
\mult@grightbox=\box37
\mult@gfirstbox=\box38
\mult@firstbox=\box39
\@tempa=\box40
\@tempa=\box41
\@tempa=\box42
\@tempa=\box43
\@tempa=\box44
\@tempa=\box45
\@tempa=\box46
\@tempa=\box47
\@tempa=\box48
\@tempa=\box49
\@tempa=\box50
\@tempa=\box51
\@tempa=\box52
\@tempa=\box53
\@tempa=\box54
\@tempa=\box55
\@tempa=\box56
\c@columnbadness=\count147
\c@finalcolumnbadness=\count148
\last@try=\dimen154
\multicolovershoot=\dimen155
\multicolundershoot=\dimen156
\mult@nat@firstbox=\box57
\colbreak@box=\box58
\mc@col@check@num=\count149
)
(/usr/local/texlive/2016/texmf-dist/tex/latex/multirow/multirow.sty
Package: multirow 2016/10/11 v2.1 Span multiple rows of a table
\multirow@colwidth=\skip62
\multirow@cnta=\count150
\multirow@cntb=\count151
\multirow@dima=\skip63
\bigstrutjot=\dimen157
)
(/usr/local/texlive/2016/texmf-dist/tex/latex/listings/listings.sty
\lst@mode=\count152
\lst@gtempboxa=\box59
\lst@token=\toks30
\lst@length=\count153
\lst@currlwidth=\dimen158
\lst@column=\count154
\lst@pos=\count155
\lst@lostspace=\dimen159
\lst@width=\dimen160
\lst@newlines=\count156
\lst@lineno=\count157
\lst@maxwidth=\dimen161

(/usr/local/texlive/2016/texmf-dist/tex/latex/listings/lstmisc.sty
File: lstmisc.sty 2015/06/04 1.6 (Carsten Heinz)
\c@lstnumber=\count158
\lst@skipnumbers=\count159
\lst@framebox=\box60
)
(/usr/local/texlive/2016/texmf-dist/tex/latex/listings/listings.cfg
File: listings.cfg 2015/06/04 1.6 listings configuration
))
Package: listings 2015/06/04 1.6 (Carsten Heinz)

(/usr/local/texlive/2016/texmf-dist/tex/latex/geometry/geometry.sty
Package: geometry 2010/09/12 v5.6 Page Geometry

(/usr/local/texlive/2016/texmf-dist/tex/generic/oberdiek/ifpdf.sty
Package: ifpdf 2016/05/14 v3.1 Provides the ifpdf switch
)
(/usr/local/texlive/2016/texmf-dist/tex/generic/oberdiek/ifvtex.sty
Package: ifvtex 2016/05/16 v1.6 Detect VTeX and its facilities (HO)
Package ifvtex Info: VTeX not detected.
)
\Gm@cnth=\count160
\Gm@cntv=\count161
\c@Gm@tempcnt=\count162
\Gm@bindingoffset=\dimen162
\Gm@wd@mp=\dimen163
\Gm@odd@mp=\dimen164
\Gm@even@mp=\dimen165
\Gm@layoutwidth=\dimen166
\Gm@layoutheight=\dimen167
\Gm@layouthoffset=\dimen168
\Gm@layoutvoffset=\dimen169
\Gm@dimlist=\toks31
)
(/usr/local/texlive/2016/texmf-dist/tex/latex/graphics/rotating.sty
Package: rotating 2016/05/22 v2.16c rotated objects in LaTeX

(/usr/local/texlive/2016/texmf-dist/tex/latex/base/ifthen.sty
Package: ifthen 2014/09/29 v1.1c Standard LaTeX ifthen package (DPC)
)
\c@r@tfl@t=\count163
\rotFPtop=\skip64
\rotFPbot=\skip65
\rot@float@box=\box61
\rot@mess@toks=\toks32
)
(/usr/local/texlive/2016/texmf-dist/tex/latex/algorithms/algorithm.sty
Package: algorithm 2009/08/24 v0.1 Document Style `algorithm' - floating enviro
nment
\@float@every@algorithm=\toks33
\c@algorithm=\count164
)
(/usr/local/texlive/2016/texmf-dist/tex/latex/algorithms/algorithmic.sty
Package: algorithmic 2009/08/24 v0.1 Document Style `algorithmic'
\c@ALC@unique=\count165
\c@ALC@line=\count166
\c@ALC@rem=\count167
\c@ALC@depth=\count168
\ALC@tlm=\skip66
\algorithmicindent=\skip67
)
(/usr/local/texlive/2016/texmf-dist/tex/latex/csquotes/csquotes.sty
Package: csquotes 2016/07/14 v5.1h context-sensitive quotations (JAW)
\csq@reset=\count169
\csq@gtype=\count170
\csq@glevel=\count171
\csq@qlevel=\count172
\csq@maxlvl=\count173
\csq@tshold=\count174
\csq@ltx@everypar=\toks34

(/usr/local/texlive/2016/texmf-dist/tex/latex/csquotes/csquotes.def
File: csquotes.def 2016/07/14 v5.1h csquotes generic definitions (JAW)
)
Package csquotes Info: Trying to load configuration file 'csquotes.cfg'...
Package csquotes Info: ... configuration file loaded successfully.

(/usr/local/texlive/2016/texmf-dist/tex/latex/csquotes/csquotes.cfg
File: csquotes.cfg 
)
Package csquotes Info: Option 'babel' depreciated.
(csquotes)             Using 'autostyle'.
Package csquotes Info: Enabling multilingual quotes.
)
(/usr/local/texlive/2016/texmf-dist/tex/latex/hyperref/hyperref.sty
Package: hyperref 2016/06/24 v6.83q Hypertext links for LaTeX

(/usr/local/texlive/2016/texmf-dist/tex/generic/oberdiek/hobsub-hyperref.sty
Package: hobsub-hyperref 2016/05/16 v1.14 Bundle oberdiek, subset hyperref (HO)


(/usr/local/texlive/2016/texmf-dist/tex/generic/oberdiek/hobsub-generic.sty
Package: hobsub-generic 2016/05/16 v1.14 Bundle oberdiek, subset generic (HO)
Package: hobsub 2016/05/16 v1.14 Construct package bundles (HO)
Package hobsub Info: Skipping package `infwarerr' (already loaded).
Package hobsub Info: Skipping package `ltxcmds' (already loaded).
Package: ifluatex 2016/05/16 v1.4 Provides the ifluatex switch (HO)
Package ifluatex Info: LuaTeX not detected.
Package hobsub Info: Skipping package `ifvtex' (already loaded).
Package: intcalc 2016/05/16 v1.2 Expandable calculations with integers (HO)
Package hobsub Info: Skipping package `ifpdf' (already loaded).
Package: etexcmds 2016/05/16 v1.6 Avoid name clashes with e-TeX commands (HO)
Package etexcmds Info: Could not find \expanded.
(etexcmds)             That can mean that you are not using pdfTeX 1.50 or
(etexcmds)             that some package has redefined \expanded.
(etexcmds)             In the latter case, load this package earlier.
Package: kvsetkeys 2016/05/16 v1.17 Key value parser (HO)
Package: kvdefinekeys 2016/05/16 v1.4 Define keys (HO)
Package: pdftexcmds 2016/05/21 v0.22 Utility functions of pdfTeX for LuaTeX (HO
)
Package pdftexcmds Info: LuaTeX not detected.
Package pdftexcmds Info: \pdf@primitive is available.
Package pdftexcmds Info: \pdf@ifprimitive is available.
Package pdftexcmds Info: \pdfdraftmode found.
Package: pdfescape 2016/05/16 v1.14 Implements pdfTeX's escape features (HO)
Package: bigintcalc 2016/05/16 v1.4 Expandable calculations on big integers (HO
)
Package: bitset 2016/05/16 v1.2 Handle bit-vector datatype (HO)
Package: uniquecounter 2016/05/16 v1.3 Provide unlimited unique counter (HO)
)
Package hobsub Info: Skipping package `hobsub' (already loaded).
Package: letltxmacro 2016/05/16 v1.5 Let assignment for LaTeX macros (HO)
Package: hopatch 2016/05/16 v1.3 Wrapper for package hooks (HO)
Package: xcolor-patch 2016/05/16 xcolor patch
Package: atveryend 2016/05/16 v1.9 Hooks at the very end of document (HO)
Package: atbegshi 2016/06/09 v1.18 At begin shipout hook (HO)
Package: refcount 2016/05/16 v3.5 Data extraction from label references (HO)
Package: hycolor 2016/05/16 v1.8 Color options for hyperref/bookmark (HO)
)
(/usr/local/texlive/2016/texmf-dist/tex/latex/oberdiek/auxhook.sty
Package: auxhook 2016/05/16 v1.4 Hooks for auxiliary files (HO)
)
(/usr/local/texlive/2016/texmf-dist/tex/latex/oberdiek/kvoptions.sty
Package: kvoptions 2016/05/16 v3.12 Key value format for package options (HO)
)
\@linkdim=\dimen170
\Hy@linkcounter=\count175
\Hy@pagecounter=\count176

(/usr/local/texlive/2016/texmf-dist/tex/latex/hyperref/pd1enc.def
File: pd1enc.def 2016/06/24 v6.83q Hyperref: PDFDocEncoding definition (HO)
Now handling font encoding PD1 ...
... no UTF-8 mapping file for font encoding PD1
)
\Hy@SavedSpaceFactor=\count177

(/usr/local/texlive/2016/texmf-dist/tex/latex/latexconfig/hyperref.cfg
File: hyperref.cfg 2002/06/06 v1.2 hyperref configuration of TeXLive
)
Package hyperref Info: Hyper figures OFF on input line 4486.
Package hyperref Info: Link nesting OFF on input line 4491.
Package hyperref Info: Hyper index ON on input line 4494.
Package hyperref Info: Plain pages OFF on input line 4501.
Package hyperref Info: Backreferencing OFF on input line 4506.
Package hyperref Info: Implicit mode ON; LaTeX internals redefined.
Package hyperref Info: Bookmarks ON on input line 4735.
\c@Hy@tempcnt=\count178
LaTeX Info: Redefining \url on input line 5088.
\XeTeXLinkMargin=\dimen171
\Fld@menulength=\count179
\Field@Width=\dimen172
\Fld@charsize=\dimen173
Package hyperref Info: Hyper figures OFF on input line 6342.
Package hyperref Info: Link nesting OFF on input line 6347.
Package hyperref Info: Hyper index ON on input line 6350.
Package hyperref Info: backreferencing OFF on input line 6357.
Package hyperref Info: Link coloring OFF on input line 6362.
Package hyperref Info: Link coloring with OCG OFF on input line 6367.
Package hyperref Info: PDF/A mode OFF on input line 6372.
LaTeX Info: Redefining \ref on input line 6412.
LaTeX Info: Redefining \pageref on input line 6416.
\Hy@abspage=\count180
\c@Item=\count181
\c@Hfootnote=\count182
)

Package hyperref Message: Driver (autodetected): hpdftex.

(/usr/local/texlive/2016/texmf-dist/tex/latex/hyperref/hpdftex.def
File: hpdftex.def 2016/06/24 v6.83q Hyperref driver for pdfTeX
\Fld@listcount=\count183
\c@bookmark@seq@number=\count184

(/usr/local/texlive/2016/texmf-dist/tex/latex/oberdiek/rerunfilecheck.sty
Package: rerunfilecheck 2016/05/16 v1.8 Rerun checks for auxiliary files (HO)
Package uniquecounter Info: New unique counter `rerunfilecheck' on input line 2
82.
)
\Hy@SectionHShift=\skip68
)
(/usr/local/texlive/2016/texmf-dist/tex/latex/biblatex/biblatex.sty
Package: biblatex 2016/09/17 v3.6 programmable bibliographies (PK/JW/AB)

(/usr/local/texlive/2016/texmf-dist/tex/latex/logreq/logreq.sty
Package: logreq 2010/08/04 v1.0 xml request logger
\lrq@indent=\count185

(/usr/local/texlive/2016/texmf-dist/tex/latex/logreq/logreq.def
File: logreq.def 2010/08/04 v1.0 logreq spec v1.0
))
(/usr/local/texlive/2016/texmf-dist/tex/generic/xstring/xstring.sty
(/usr/local/texlive/2016/texmf-dist/tex/generic/xstring/xstring.tex
\@xs@message=\write3
\integerpart=\count186
\decimalpart=\count187
)
Package: xstring 2013/10/13  v1.7c  String manipulations (C Tellechea)
)
\c@tabx@nest=\count188
\c@listtotal=\count189
\c@listcount=\count190
\c@liststart=\count191
\c@liststop=\count192
\c@citecount=\count193
\c@citetotal=\count194
\c@multicitecount=\count195
\c@multicitetotal=\count196
\c@instcount=\count197
\c@maxnames=\count198
\c@minnames=\count199
\c@maxitems=\count266
\c@minitems=\count267
\c@citecounter=\count268
\c@savedcitecounter=\count269
\c@uniquelist=\count270
\c@uniquename=\count271
\c@refsection=\count272
\c@refsegment=\count273
\c@maxextratitle=\count274
\c@maxextratitleyear=\count275
\c@maxextrayear=\count276
\c@maxextraalpha=\count277
\c@abbrvpenalty=\count278
\c@highnamepenalty=\count279
\c@lownamepenalty=\count280
\c@maxparens=\count281
\c@parenlevel=\count282
\blx@tempcnta=\count283
\blx@tempcntb=\count284
\blx@tempcntc=\count285
\blx@maxsection=\count286
\blx@maxsegment@0=\count287
\blx@notetype=\count288
\blx@parenlevel@text=\count289
\blx@parenlevel@foot=\count290
\blx@sectionciteorder@0=\count291
\labelnumberwidth=\skip69
\labelalphawidth=\skip70
\biblabelsep=\skip71
\bibitemsep=\skip72
\bibnamesep=\skip73
\bibinitsep=\skip74
\bibparsep=\skip75
\bibhang=\skip76
\blx@bcfin=\read2
\blx@bcfout=\write4
\c@mincomprange=\count292
\c@maxcomprange=\count293
\c@mincompwidth=\count294
Package biblatex Info: Trying to load biblatex default data model...
Package biblatex Info: ... file 'blx-dm.def' found.

(/usr/local/texlive/2016/texmf-dist/tex/latex/biblatex/blx-dm.def)
Package biblatex Info: Trying to load biblatex custom data model...
Package biblatex Info: ... file 'biblatex-dm.cfg' not found.
\c@afterword=\count295
\c@savedafterword=\count296
\c@annotator=\count297
\c@savedannotator=\count298
\c@author=\count299
\c@savedauthor=\count300
\c@bookauthor=\count301
\c@savedbookauthor=\count302
\c@commentator=\count303
\c@savedcommentator=\count304
\c@editor=\count305
\c@savededitor=\count306
\c@editora=\count307
\c@savededitora=\count308
\c@editorb=\count309
\c@savededitorb=\count310
\c@editorc=\count311
\c@savededitorc=\count312
\c@foreword=\count313
\c@savedforeword=\count314
\c@holder=\count315
\c@savedholder=\count316
\c@introduction=\count317
\c@savedintroduction=\count318
\c@namea=\count319
\c@savednamea=\count320
\c@nameb=\count321
\c@savednameb=\count322
\c@namec=\count323
\c@savednamec=\count324
\c@translator=\count325
\c@savedtranslator=\count326
\c@shortauthor=\count327
\c@savedshortauthor=\count328
\c@shorteditor=\count329
\c@savedshorteditor=\count330
\c@labelname=\count331
\c@savedlabelname=\count332
\c@institution=\count333
\c@savedinstitution=\count334
\c@lista=\count335
\c@savedlista=\count336
\c@listb=\count337
\c@savedlistb=\count338
\c@listc=\count339
\c@savedlistc=\count340
\c@listd=\count341
\c@savedlistd=\count342
\c@liste=\count343
\c@savedliste=\count344
\c@listf=\count345
\c@savedlistf=\count346
\c@location=\count347
\c@savedlocation=\count348
\c@organization=\count349
\c@savedorganization=\count350
\c@origlocation=\count351
\c@savedoriglocation=\count352
\c@origpublisher=\count353
\c@savedorigpublisher=\count354
\c@publisher=\count355
\c@savedpublisher=\count356
\c@language=\count357
\c@savedlanguage=\count358
\c@pageref=\count359
\c@savedpageref=\count360
\shorthandwidth=\skip77
\shortjournalwidth=\skip78
\shortserieswidth=\skip79
\shorttitlewidth=\skip80
\shortauthorwidth=\skip81
\shorteditorwidth=\skip82
Package biblatex Info: Trying to load compatibility code...
Package biblatex Info: ... file 'blx-compat.def' found.

(/usr/local/texlive/2016/texmf-dist/tex/latex/biblatex/blx-compat.def
File: blx-compat.def 2016/09/17 v3.6 biblatex compatibility (PK/JW/AB)
)
Package biblatex Info: Trying to load BibTeX backend compatibility...
Package biblatex Info: ... file 'blx-bibtex.def' found.

(/usr/local/texlive/2016/texmf-dist/tex/latex/biblatex/blx-bibtex.def
File: blx-bibtex.def 2016/09/17 v3.6 biblatex compatibility (PK/JW/AB)


Package biblatex Warning: Using fall-back BibTeX(8) backend:
(biblatex)                functionality may be reduced/unavailable.

)
Package biblatex Info: Trying to load generic definitions...
Package biblatex Info: ... file 'biblatex.def' found.
 (/usr/local/texlive/2016/texmf-dist/tex/latex/biblatex/biblatex.def
File: biblatex.def 2016/09/17 v3.6 biblatex compatibility (PK/JW/AB)
\c@textcitecount=\count361
\c@textcitetotal=\count362
\c@textcitemaxnames=\count363
\c@biburlnumpenalty=\count364
\c@biburlucpenalty=\count365
\c@biburllcpenalty=\count366
\c@smartand=\count367
)
Package biblatex Info: Trying to load bibliography style 'numeric'...
Package biblatex Info: ... file 'numeric.bbx' found.

(/usr/local/texlive/2016/texmf-dist/tex/latex/biblatex/bbx/numeric.bbx
File: numeric.bbx 2016/09/17 v3.6 biblatex bibliography style (PK/JW/AB)
Package biblatex Info: Trying to load bibliography style 'standard'...
Package biblatex Info: ... file 'standard.bbx' found.

(/usr/local/texlive/2016/texmf-dist/tex/latex/biblatex/bbx/standard.bbx
File: standard.bbx 2016/09/17 v3.6 biblatex bibliography style (PK/JW/AB)
\c@bbx:relatedcount=\count368
\c@bbx:relatedtotal=\count369
))
Package biblatex Info: Trying to load citation style 'numeric'...
Package biblatex Info: ... file 'numeric.cbx' found.

(/usr/local/texlive/2016/texmf-dist/tex/latex/biblatex/cbx/numeric.cbx
File: numeric.cbx 2016/09/17 v3.6 biblatex citation style (PK/JW/AB)
Package biblatex Info: Redefining '\cite'.
Package biblatex Info: Redefining '\parencite'.
Package biblatex Info: Redefining '\footcite'.
Package biblatex Info: Redefining '\footcitetext'.
Package biblatex Info: Redefining '\smartcite'.
Package biblatex Info: Redefining '\supercite'.
Package biblatex Info: Redefining '\textcite'.
Package biblatex Info: Redefining '\textcites'.
Package biblatex Info: Redefining '\cites'.
Package biblatex Info: Redefining '\parencites'.
Package biblatex Info: Redefining '\smartcites'.
)
Package biblatex Info: Trying to load configuration file...
Package biblatex Info: ... file 'biblatex.cfg' found.

(/usr/local/texlive/2016/texmf-dist/tex/latex/biblatex/biblatex.cfg
File: biblatex.cfg 
))
(/usr/local/texlive/2016/texmf-dist/tex/latex/pdfpages/pdfpages.sty
Package: pdfpages 2016/04/19 v0.5f Insert pages of external PDF documents (AM)

(/usr/local/texlive/2016/texmf-dist/tex/latex/tools/calc.sty
Package: calc 2014/10/28 v4.3 Infix arithmetic (KKT,FJ)
\calc@Acount=\count370
\calc@Bcount=\count371
\calc@Adimen=\dimen174
\calc@Bdimen=\dimen175
\calc@Askip=\skip83
\calc@Bskip=\skip84
LaTeX Info: Redefining \setlength on input line 80.
LaTeX Info: Redefining \addtolength on input line 81.
\calc@Ccount=\count372
\calc@Cskip=\skip85
)
(/usr/local/texlive/2016/texmf-dist/tex/latex/eso-pic/eso-pic.sty
Package: eso-pic 2015/07/21 v2.0g eso-pic (RN)

(/usr/local/texlive/2016/texmf-dist/tex/latex/xcolor/xcolor.sty
Package: xcolor 2016/05/11 v2.12 LaTeX color extensions (UK)

(/usr/local/texlive/2016/texmf-dist/tex/latex/graphics-cfg/color.cfg
File: color.cfg 2016/01/02 v1.6 sample color configuration
)
Package xcolor Info: Driver file: pdftex.def on input line 225.
Package xcolor Info: Model `cmy' substituted by `cmy0' on input line 1348.
Package xcolor Info: Model `hsb' substituted by `rgb' on input line 1352.
Package xcolor Info: Model `RGB' extended on input line 1364.
Package xcolor Info: Model `HTML' substituted by `rgb' on input line 1366.
Package xcolor Info: Model `Hsb' substituted by `hsb' on input line 1367.
Package xcolor Info: Model `tHsb' substituted by `hsb' on input line 1368.
Package xcolor Info: Model `HSB' substituted by `hsb' on input line 1369.
Package xcolor Info: Model `Gray' substituted by `gray' on input line 1370.
Package xcolor Info: Model `wave' substituted by `hsb' on input line 1371.
))
\AM@pagewidth=\dimen176
\AM@pageheight=\dimen177

(/usr/local/texlive/2016/texmf-dist/tex/latex/pdfpages/pppdftex.def
File: pppdftex.def 2016/04/19 v0.5f Pdfpages driver for pdfTeX (AM)
)
\AM@pagebox=\box62
\AM@global@opts=\toks35
\AM@toc@title=\toks36
\c@AM@survey=\count373
\AM@templatesizebox=\box63
)
Package hyperref Info: Option `bookmarksopen' set `true' on input line 49.
Package hyperref Info: Option `colorlinks' set `true' on input line 49.

(/usr/local/texlive/2016/texmf-dist/tex/latex/listings/lstlang1.sty
File: lstlang1.sty 2015/06/04 1.6 listings language file
)
Package csquotes Info: Checking for multilingual support...
Package csquotes Info: ... found 'babel' package.
Package biblatex Info: Trying to load language 'italian'...
Package biblatex Info: ... file 'italian.lbx' found.

(/usr/local/texlive/2016/texmf-dist/tex/latex/biblatex/lbx/italian.lbx
File: italian.lbx 2016/09/17 v3.6 biblatex localization (PK/JW/AB)
)
Package biblatex Info: Trying to load language 'english'...
Package biblatex Info: ... file 'english.lbx' found.

(/usr/local/texlive/2016/texmf-dist/tex/latex/biblatex/lbx/english.lbx
File: english.lbx 2016/09/17 v3.6 biblatex localization (PK/JW/AB)
)

Package biblatex Warning: Patching footnotes failed.
(biblatex)                Footnote detection will not work.

(./tesi.aux (./chap_0.aux) (./chap_2.aux) (./chap_3.aux) (./chap_4.aux)
(./chap_5.aux) (./app_a.aux) (./app_b.aux))
\openout1 = `tesi.aux'.

LaTeX Font Info:    Checking defaults for OML/cmm/m/it on input line 149.
LaTeX Font Info:    ... okay on input line 149.
LaTeX Font Info:    Checking defaults for T1/cmr/m/n on input line 149.
LaTeX Font Info:    ... okay on input line 149.
LaTeX Font Info:    Checking defaults for OT1/cmr/m/n on input line 149.
LaTeX Font Info:    ... okay on input line 149.
LaTeX Font Info:    Checking defaults for OMS/cmsy/m/n on input line 149.
LaTeX Font Info:    ... okay on input line 149.
LaTeX Font Info:    Checking defaults for OMX/cmex/m/n on input line 149.
LaTeX Font Info:    ... okay on input line 149.
LaTeX Font Info:    Checking defaults for U/cmr/m/n on input line 149.
LaTeX Font Info:    ... okay on input line 149.
LaTeX Font Info:    Checking defaults for TS1/cmr/m/n on input line 149.
LaTeX Font Info:    Try loading font information for TS1+cmr on input line 149.


(/usr/local/texlive/2016/texmf-dist/tex/latex/base/ts1cmr.fd
File: ts1cmr.fd 2014/09/29 v2.5h Standard LaTeX font definitions
)
LaTeX Font Info:    ... okay on input line 149.
LaTeX Font Info:    Checking defaults for PD1/pdf/m/n on input line 149.
LaTeX Font Info:    ... okay on input line 149.
LaTeX Font Info:    Try loading font information for T1+lmr on input line 149.

(/usr/local/texlive/2016/texmf-dist/tex/latex/lm/t1lmr.fd
File: t1lmr.fd 2009/10/30 v1.6 Font defs for Latin Modern
)
LaTeX Info: Redefining \it@ocap on input line 149.
LaTeX Info: Redefining \it@ccap on input line 149.

(/usr/local/texlive/2016/texmf-dist/tex/context/base/mkii/supp-pdf.mkii
[Loading MPS to PDF converter (version 2006.09.02).]
\scratchcounter=\count374
\scratchdimen=\dimen178
\scratchbox=\box64
\nofMPsegments=\count375
\nofMParguments=\count376
\everyMPshowfont=\toks37
\MPscratchCnt=\count377
\MPscratchDim=\dimen179
\MPnumerator=\count378
\makeMPintoPDFobject=\count379
\everyMPtoPDFconversion=\toks38
) (/usr/local/texlive/2016/texmf-dist/tex/latex/oberdiek/epstopdf-base.sty
Package: epstopdf-base 2016/05/15 v2.6 Base part for package epstopdf

(/usr/local/texlive/2016/texmf-dist/tex/latex/oberdiek/grfext.sty
Package: grfext 2016/05/16 v1.2 Manage graphics extensions (HO)
)
Package epstopdf-base Info: Redefining graphics rule for `.eps' on input line 4
38.
Package grfext Info: Graphics extension search list:
(grfext)             [.png,.pdf,.jpg,.mps,.jpeg,.jbig2,.jb2,.PNG,.PDF,.JPG,.JPE
G,.JBIG2,.JB2,.eps]
(grfext)             \AppendGraphicsExtensions on input line 456.

(/usr/local/texlive/2016/texmf-dist/tex/latex/latexconfig/epstopdf-sys.cfg
File: epstopdf-sys.cfg 2010/07/13 v1.3 Configuration of (r)epstopdf for TeX Liv
e
))
Package caption Info: Begin \AtBeginDocument code.
Package caption Info: subfig package v1.3 is loaded.
Package caption Info: float package is loaded.
Package caption Info: hyperref package is loaded.
Package caption Info: listings package is loaded.
Package caption Info: rotating package is loaded.
Package caption Info: End \AtBeginDocument code.
\c@lstlisting=\count380

*geometry* driver: auto-detecting
*geometry* detected driver: pdftex
*geometry* verbose mode - [ preamble ] result:
* pass: disregarded the geometry package!
* \paperwidth=597.50787pt
* \paperheight=845.04684pt
* \textwidth=426.79135pt
* \textheight=592.0pt
* \oddsidemargin=13.08827pt
* \evensidemargin=13.08827pt
* \topmargin=0.0pt
* \headheight=12.0pt
* \headsep=25.0pt
* \topskip=12.0pt
* \footskip=29.0pt
* \marginparwidth=60.35826pt
* \marginparsep=10.0pt
* \columnsep=10.0pt
* \skip\footins=24.0pt plus 4.0pt minus 2.0pt
* \hoffset=0.0pt
* \voffset=0.0pt
* \mag=1000
* \@twocolumnfalse
* \@twosidefalse
* \@mparswitchfalse
* \@reversemarginfalse
* (1in=72.27pt=25.4mm, 1cm=28.453pt)

\AtBeginShipoutBox=\box65
Package hyperref Info: Link coloring ON on input line 149.
(/usr/local/texlive/2016/texmf-dist/tex/latex/hyperref/nameref.sty
Package: nameref 2016/05/21 v2.44 Cross-referencing by name of section

(/usr/local/texlive/2016/texmf-dist/tex/generic/oberdiek/gettitlestring.sty
Package: gettitlestring 2016/05/16 v1.5 Cleanup title references (HO)
)
\c@section@level=\count381
LaTeX Info: Redefining \Ref on input line 515.
)
LaTeX Info: Redefining \ref on input line 149.
LaTeX Info: Redefining \pageref on input line 149.
LaTeX Info: Redefining \nameref on input line 149.

(./tesi.out) (./tesi.out)
\@outlinefile=\write5
\openout5 = `tesi.out'.

LaTeX Info: Redefining \Ref on input line 149.
Package biblatex Info: Input encoding 'utf8' detected.
Package biblatex Info: Automatic encoding selection.
(biblatex)             Assuming data encoding 'utf8'.
Package biblatex Info: Input encoding 'utf8' specified.
Package biblatex Info: Data encoding 'utf8' specified.
(biblatex)             No need to reencode data.
\openout4 = `tesi-blx.bib'.

Package biblatex Info: Trying to load bibliographic data...
Package biblatex Info: ... file 'tesi.bbl' found.
 (./tesi.bbl)
Package biblatex Info: Reference section=0 on input line 149.
Package biblatex Info: Reference segment=0 on input line 149.

(/usr/local/texlive/2016/texmf-dist/tex/latex/oberdiek/pdflscape.sty
Package: pdflscape 2016/05/14 v0.11 Display of landscape pages in PDF (HO)

(/usr/local/texlive/2016/texmf-dist/tex/latex/graphics/lscape.sty
Package: lscape 2000/10/22 v3.01 Landscape Pages (DPC)
)
Package pdflscape Info: Auto-detected driver: pdftex on input line 81.
)
<images/Logo-Uni-Tor-Vergata.png, id=107, 770.88pt x 770.88pt>
File: images/Logo-Uni-Tor-Vergata.png Graphic file (type png)

<use images/Logo-Uni-Tor-Vergata.png>
Package pdftex.def Info: images/Logo-Uni-Tor-Vergata.png used on input line 151
.
(pdftex.def)             Requested size: 85.3499pt x 85.35826pt.
LaTeX Font Info:    Try loading font information for OT1+lmr on input line 151.


(/usr/local/texlive/2016/texmf-dist/tex/latex/lm/ot1lmr.fd
File: ot1lmr.fd 2009/10/30 v1.6 Font defs for Latin Modern
)
LaTeX Font Info:    Try loading font information for OML+lmm on input line 151.


(/usr/local/texlive/2016/texmf-dist/tex/latex/lm/omllmm.fd
File: omllmm.fd 2009/10/30 v1.6 Font defs for Latin Modern
)
LaTeX Font Info:    Try loading font information for OMS+lmsy on input line 151
.

(/usr/local/texlive/2016/texmf-dist/tex/latex/lm/omslmsy.fd
File: omslmsy.fd 2009/10/30 v1.6 Font defs for Latin Modern
)
LaTeX Font Info:    Try loading font information for OMX+lmex on input line 151
.

(/usr/local/texlive/2016/texmf-dist/tex/latex/lm/omxlmex.fd
File: omxlmex.fd 2009/10/30 v1.6 Font defs for Latin Modern
)
LaTeX Font Info:    External font `lmex10' loaded for size
(Font)              <12> on input line 151.
LaTeX Font Info:    External font `lmex10' loaded for size
(Font)              <8> on input line 151.
LaTeX Font Info:    External font `lmex10' loaded for size
(Font)              <6> on input line 151.
LaTeX Font Info:    Try loading font information for U+msa on input line 151.

(/usr/local/texlive/2016/texmf-dist/tex/latex/amsfonts/umsa.fd
File: umsa.fd 2013/01/14 v3.01 AMS symbols A
)
LaTeX Font Info:    Try loading font information for U+msb on input line 151.

(/usr/local/texlive/2016/texmf-dist/tex/latex/amsfonts/umsb.fd
File: umsb.fd 2013/01/14 v3.01 AMS symbols B
)
LaTeX Font Info:    External font `lmex10' loaded for size
(Font)              <14.4> on input line 151.
LaTeX Font Info:    External font `lmex10' loaded for size
(Font)              <10> on input line 151.
LaTeX Font Info:    External font `lmex10' loaded for size
(Font)              <7> on input line 151.

Overfull \vbox (17.15536pt too high) has occurred while \output is active []


[1{/usr/local/texlive/2016/texmf-var/fonts/map/pdftex/updmap/pdftex.map}



 <./images/Logo-Uni-Tor-Vergata.png>]pdfTeX warning (ext4): destination with th
e same identifier (name{page.i}) has been already used, duplicate ignored
<to be read again> 
                   \relax 
l.171 \cleardoublepage
                       [1


]
Underfull \vbox (badness 10000) has occurred while \output is active []

 [2


]

Package amsmath Warning: Foreign command \atopwithdelims;
(amsmath)                \frac or \genfrac should be used instead
(amsmath)                 on input line 186.

[3]
LaTeX Font Info:    Try loading font information for TS1+lmr on input line 189.

 (/usr/local/texlive/2016/texmf-dist/tex/latex/lm/ts1lmr.fd
File: ts1lmr.fd 2009/10/30 v1.6 Font defs for Latin Modern
) [4] [5]
(./tesi.toc [6

])
\tf@toc=\write6
\openout6 = `tesi.toc'.

 [7] (./tesi.lof)
\tf@lof=\write7
\openout7 = `tesi.lof'.

 [8


] (./tesi.lot)
\tf@lot=\write8
\openout8 = `tesi.lot'.

 [9


] (./tesi.lol)
\tf@lol=\write9
\openout9 = `tesi.lol'.

 [10


]
\openout2 = `chap_0.aux'.


(./chap_0.tex
Capitolo 1.
LaTeX Font Info:    External font `lmex10' loaded for size
(Font)              <5> on input line 11.

Underfull \hbox (badness 10000) in paragraph at lines 4--20

 []


Underfull \hbox (badness 10000) in paragraph at lines 4--20

 []


Underfull \hbox (badness 10000) in paragraph at lines 4--20

 []


Underfull \hbox (badness 10000) in paragraph at lines 4--20

 []


Underfull \hbox (badness 10000) in paragraph at lines 4--20

 []


Underfull \hbox (badness 10000) in paragraph at lines 4--20

 []


Underfull \hbox (badness 10000) in paragraph at lines 4--20

 []


Underfull \hbox (badness 10000) in paragraph at lines 4--20

 []


Underfull \hbox (badness 10000) in paragraph at lines 4--20

 []


Underfull \hbox (badness 10000) in paragraph at lines 4--20

 []


Underfull \hbox (badness 10000) in paragraph at lines 4--20

 []


Underfull \vbox (badness 3977) has occurred while \output is active []

 [1



]
Underfull \vbox (badness 10000) has occurred while \output is active []


Overfull \vbox (0.59995pt too high) has occurred while \output is active []


[2]
Underfull \vbox (badness 10000) has occurred while \output is active []


Overfull \vbox (0.59995pt too high) has occurred while \output is active []


[3]
Underfull \vbox (badness 1275) has occurred while \output is active []


Overfull \vbox (0.59995pt too high) has occurred while \output is active []


[4]
Underfull \hbox (badness 10000) in paragraph at lines 41--49

 []


Underfull \hbox (badness 10000) in paragraph at lines 41--49

 []


Overfull \hbox (7.19669pt too wide) in paragraph at lines 41--49
\T1/lmr/m/it/12 Fissato co-me obiet-ti-vo il de-cre-men-to del gra-do di con-tr
o-ver-sia di una quan-ti-t $\OT1/lmr/m/n/12 ^^A\OML/lmm/m/it/12 RWC$\T1/lmr/m/
it/12 ,
 []


Underfull \hbox (badness 10000) in paragraph at lines 41--49

 []


Underfull \hbox (badness 10000) in paragraph at lines 41--49

 []


Overfull \vbox (0.59995pt too high) has occurred while \output is active []


[5]
Underfull \vbox (badness 10000) has occurred while \output is active []


Overfull \vbox (0.59995pt too high) has occurred while \output is active []


[6])
Overfull \vbox (0.59995pt too high) has occurred while \output is active []


[7]
\openout2 = `chap_2.aux'.

 (./chap_2.tex
Capitolo 2.
[8



]
Underfull \hbox (badness 10000) in paragraph at lines 12--15

 []


Underfull \vbox (badness 1221) has occurred while \output is active []


Overfull \vbox (0.59995pt too high) has occurred while \output is active []


[9]
Overfull \vbox (0.59995pt too high) has occurred while \output is active []


[10]
Underfull \hbox (badness 10000) in paragraph at lines 33--36

 []


Overfull \vbox (0.59995pt too high) has occurred while \output is active []


[11]
Underfull \hbox (badness 10000) in paragraph at lines 41--46

 []


Underfull \hbox (badness 10000) in paragraph at lines 48--52

 []


Overfull \vbox (0.59995pt too high) has occurred while \output is active []


[12]
Underfull \hbox (badness 10000) in paragraph at lines 67--73

 []


Underfull \hbox (badness 10000) in paragraph at lines 67--73

 []


Underfull \hbox (badness 10000) in paragraph at lines 67--73

 []


Underfull \vbox (badness 3657) has occurred while \output is active []


Overfull \vbox (0.59995pt too high) has occurred while \output is active []


[13]
Overfull \vbox (0.59995pt too high) has occurred while \output is active []


[14]
Package hyperref Info: bookmark level for unknown algorithm defaults to 0 on in
put line 102.

Underfull \hbox (badness 10000) in paragraph at lines 94--121

 []


Overfull \vbox (0.59995pt too high) has occurred while \output is active []


[15]
Underfull \vbox (badness 10000) has occurred while \output is active []


Overfull \vbox (0.59995pt too high) has occurred while \output is active []


[16]
Overfull \vbox (0.59995pt too high) has occurred while \output is active []


[17]
Underfull \hbox (badness 10000) in paragraph at lines 134--156

 []


Underfull \hbox (badness 10000) in paragraph at lines 134--156

 []


Underfull \hbox (badness 10000) in paragraph at lines 134--156

 []


Overfull \vbox (0.59995pt too high) has occurred while \output is active []


[18]
Underfull \hbox (badness 10000) in paragraph at lines 163--168

 []


Overfull \vbox (0.59995pt too high) has occurred while \output is active []


[19]
Underfull \hbox (badness 10000) in paragraph at lines 173--178

 []


Underfull \hbox (badness 10000) in paragraph at lines 180--184

 []


Underfull \hbox (badness 10000) in paragraph at lines 188--193

 []

)
Overfull \vbox (0.59995pt too high) has occurred while \output is active []


[20]
\openout2 = `chap_3.aux'.

 (./chap_3.tex
Capitolo 3.

Underfull \vbox (badness 4048) has occurred while \output is active []

 [21



]
Overfull \vbox (0.59995pt too high) has occurred while \output is active []


[22]
Overfull \vbox (0.59995pt too high) has occurred while \output is active []


[23]
Overfull \vbox (0.59995pt too high) has occurred while \output is active []


[24]
Overfull \vbox (0.59995pt too high) has occurred while \output is active []


[25]
Overfull \vbox (0.59995pt too high) has occurred while \output is active []


[26]
Overfull \vbox (0.59995pt too high) has occurred while \output is active []


[27]
Overfull \vbox (0.59995pt too high) has occurred while \output is active []


[28]
Underfull \hbox (badness 10000) in paragraph at lines 96--100

 []


Underfull \hbox (badness 10000) in paragraph at lines 96--100

 []


Overfull \vbox (0.59995pt too high) has occurred while \output is active []


[29] <images/raccolta_dati_tesi.png, id=440, 382.42876pt x 462.72874pt>
File: images/raccolta_dati_tesi.png Graphic file (type png)

<use images/raccolta_dati_tesi.png>
Package pdftex.def Info: images/raccolta_dati_tesi.png used on input line 104.
(pdftex.def)             Requested size: 229.45901pt x 277.63939pt.

<images/retweet_input_file.png, id=441, 274.02374pt x 120.45pt>
File: images/retweet_input_file.png Graphic file (type png)

<use images/retweet_input_file.png>
Package pdftex.def Info: images/retweet_input_file.png used on input line 112.
(pdftex.def)             Requested size: 164.41551pt x 72.27054pt.

Overfull \vbox (0.59995pt too high) has occurred while \output is active []


[30 <./images/raccolta_dati_tesi.png> <./images/retweet_input_file.png>]
<images/pipeline_implementazione.png, id=448, 844.15375pt x 296.10625pt>
File: images/pipeline_implementazione.png Graphic file (type png)

<use images/pipeline_implementazione.png>
Package pdftex.def Info: images/pipeline_implementazione.png used on input line
 128.
(pdftex.def)             Requested size: 472.72287pt x 165.81836pt.

Overfull \hbox (45.93152pt too wide) in paragraph at lines 128--129
 [] 
 []


Overfull \vbox (0.59995pt too high) has occurred while \output is active []


[31 <./images/pipeline_implementazione.png>]
Overfull \hbox (3.27806pt too wide) in paragraph at lines 142--148
\T1/lmr/m/n/12 Scendiamo ora nei det-ta-gli im-ple-men-ta-ti-vi del me-to-do \T
1/lmr/m/it/12 buil-dE-Gra-ph(destination_dir)\T1/lmr/m/n/12 .
 []


Overfull \vbox (0.59995pt too high) has occurred while \output is active []


[32]
Overfull \vbox (0.59995pt too high) has occurred while \output is active []


[33]
Underfull \hbox (badness 10000) in paragraph at lines 169--171

 []


Underfull \vbox (badness 2828) has occurred while \output is active []


Overfull \vbox (0.59995pt too high) has occurred while \output is active []


[34]
Overfull \vbox (0.59995pt too high) has occurred while \output is active []


[35]
Underfull \vbox (badness 3646) has occurred while \output is active []


Overfull \vbox (0.59995pt too high) has occurred while \output is active []


[36] <images/calcolo_rwc.png, id=487, 703.62875pt x 442.65375pt>
File: images/calcolo_rwc.png Graphic file (type png)

<use images/calcolo_rwc.png>
Package pdftex.def Info: images/calcolo_rwc.png used on input line 197.
(pdftex.def)             Requested size: 386.99701pt x 243.4603pt.

Overfull \vbox (0.59995pt too high) has occurred while \output is active []


[37 <./images/calcolo_rwc.png>]
Underfull \hbox (badness 10000) in paragraph at lines 208--211

 []


Overfull \vbox (0.59995pt too high) has occurred while \output is active []


[38]
Overfull \vbox (0.59995pt too high) has occurred while \output is active []


[39]
Overfull \vbox (0.59995pt too high) has occurred while \output is active []


[40]
Overfull \vbox (0.59995pt too high) has occurred while \output is active []


[41]
Overfull \vbox (0.59995pt too high) has occurred while \output is active []


[42]
Overfull \vbox (0.59995pt too high) has occurred while \output is active []


[43]
<images/beefban_in_degree_probability_free.png, id=556, 925.056pt x 669.9429pt>
File: images/beefban_in_degree_probability_free.png Graphic file (type png)
<use images/beefban_in_degree_probability_free.png>
Package pdftex.def Info: images/beefban_in_degree_probability_free.png used on 
input line 302.
(pdftex.def)             Requested size: 462.52687pt x 334.97063pt.

Overfull \hbox (35.73552pt too wide) in paragraph at lines 302--303
 [] 
 []


Overfull \vbox (0.59995pt too high) has occurred while \output is active []


[44])
Overfull \vbox (0.59995pt too high) has occurred while \output is active []


[45 <./images/beefban_in_degree_probability_free.png>]
\openout2 = `chap_4.aux'.

 (./chap_4.tex
Capitolo 4.

Underfull \hbox (badness 10000) in paragraph at lines 11--24

 []


Underfull \hbox (badness 10000) in paragraph at lines 11--24

 []


Underfull \hbox (badness 10000) in paragraph at lines 11--24

 []

[46



]
<images/BEEFBAN_IN_DEG_PROBABILITY_FREE_RWC_DESCENT.pdf, id=579, 597.55246pt x 
845.07718pt>
File: images/BEEFBAN_IN_DEG_PROBABILITY_FREE_RWC_DESCENT.pdf Graphic file (type
 pdf)
 <use images/BEEFBAN_IN_DEG_PROBABILITY_FREE_RWC_DESCENT.pdf>
Package pdftex.def Info: images/BEEFBAN_IN_DEG_PROBABILITY_FREE_RWC_DESCENT.pdf
 used on input line 40.
(pdftex.def)             Requested size: 597.551pt x 845.07512pt.
File: images/BEEFBAN_IN_DEG_PROBABILITY_FREE_RWC_DESCENT.pdf Graphic file (type
 pdf)

<use images/BEEFBAN_IN_DEG_PROBABILITY_FREE_RWC_DESCENT.pdf>
Package pdftex.def Info: images/BEEFBAN_IN_DEG_PROBABILITY_FREE_RWC_DESCENT.pdf
 used on input line 40.
(pdftex.def)             Requested size: 597.551pt x 845.07512pt.

<images/BEEFBAN_IN_DEG_PROBABILITY_FREE_RWC_DESCENT.pdf, id=582, page=1, 597.55
246pt x 845.07718pt>
File: images/BEEFBAN_IN_DEG_PROBABILITY_FREE_RWC_DESCENT.pdf Graphic file (type
 pdf)

<use images/BEEFBAN_IN_DEG_PROBABILITY_FREE_RWC_DESCENT.pdf, page 1>
Package pdftex.def Info: images/BEEFBAN_IN_DEG_PROBABILITY_FREE_RWC_DESCENT.pdf
, page1 used on input line 40.
(pdftex.def)             Requested size: 597.551pt x 845.07512pt.
File: images/BEEFBAN_IN_DEG_PROBABILITY_FREE_RWC_DESCENT.pdf Graphic file (type
 pdf)

<use images/BEEFBAN_IN_DEG_PROBABILITY_FREE_RWC_DESCENT.pdf, page 1>
Package pdftex.def Info: images/BEEFBAN_IN_DEG_PROBABILITY_FREE_RWC_DESCENT.pdf
, page1 used on input line 40.
(pdftex.def)             Requested size: 597.57834pt x 845.1138pt.

Overfull \vbox (0.59995pt too high) has occurred while \output is active []


[47]
File: images/BEEFBAN_IN_DEG_PROBABILITY_FREE_RWC_DESCENT.pdf Graphic file (type
 pdf)
 <use images/BEEFBAN_IN_DEG_PROBABILITY_FREE_RWC_DESCENT.pdf, page 1>
Package pdftex.def Info: images/BEEFBAN_IN_DEG_PROBABILITY_FREE_RWC_DESCENT.pdf
, page1 used on input line 40.
(pdftex.def)             Requested size: 597.57834pt x 845.1138pt.
File: images/BEEFBAN_IN_DEG_PROBABILITY_FREE_RWC_DESCENT.pdf Graphic file (type
 pdf)

<use images/BEEFBAN_IN_DEG_PROBABILITY_FREE_RWC_DESCENT.pdf, page 1>
Package pdftex.def Info: images/BEEFBAN_IN_DEG_PROBABILITY_FREE_RWC_DESCENT.pdf
, page1 used on input line 40.
(pdftex.def)             Requested size: 597.57834pt x 845.1138pt.
File: images/BEEFBAN_IN_DEG_PROBABILITY_FREE_RWC_DESCENT.pdf Graphic file (type
 pdf)

<use images/BEEFBAN_IN_DEG_PROBABILITY_FREE_RWC_DESCENT.pdf, page 1>
Package pdftex.def Info: images/BEEFBAN_IN_DEG_PROBABILITY_FREE_RWC_DESCENT.pdf
, page1 used on input line 40.
(pdftex.def)             Requested size: 597.57834pt x 845.1138pt.
 [48 <./images/BEEFBAN_IN_DEG_PROBABILITY_FREE_RWC_DESCENT.pdf>]
<images/INDIANA_IN_DEG_PROBABILITY_FREE_RWC_DESCENT.pdf, id=604, 845.07718pt x 
597.55246pt>
File: images/INDIANA_IN_DEG_PROBABILITY_FREE_RWC_DESCENT.pdf Graphic file (type
 pdf)
 <use images/INDIANA_IN_DEG_PROBABILITY_FREE_RWC_DESCENT.pdf>
Package pdftex.def Info: images/INDIANA_IN_DEG_PROBABILITY_FREE_RWC_DESCENT.pdf
 used on input line 41.
(pdftex.def)             Requested size: 845.07512pt x 597.551pt.
File: images/INDIANA_IN_DEG_PROBABILITY_FREE_RWC_DESCENT.pdf Graphic file (type
 pdf)

<use images/INDIANA_IN_DEG_PROBABILITY_FREE_RWC_DESCENT.pdf>
Package pdftex.def Info: images/INDIANA_IN_DEG_PROBABILITY_FREE_RWC_DESCENT.pdf
 used on input line 41.
(pdftex.def)             Requested size: 845.07512pt x 597.551pt.

<images/INDIANA_IN_DEG_PROBABILITY_FREE_RWC_DESCENT.pdf, id=607, page=1, 845.07
718pt x 597.55246pt>
File: images/INDIANA_IN_DEG_PROBABILITY_FREE_RWC_DESCENT.pdf Graphic file (type
 pdf)

<use images/INDIANA_IN_DEG_PROBABILITY_FREE_RWC_DESCENT.pdf, page 1>
Package pdftex.def Info: images/INDIANA_IN_DEG_PROBABILITY_FREE_RWC_DESCENT.pdf
, page1 used on input line 41.
(pdftex.def)             Requested size: 845.07512pt x 597.551pt.
File: images/INDIANA_IN_DEG_PROBABILITY_FREE_RWC_DESCENT.pdf Graphic file (type
 pdf)

<use images/INDIANA_IN_DEG_PROBABILITY_FREE_RWC_DESCENT.pdf, page 1>
Package pdftex.def Info: images/INDIANA_IN_DEG_PROBABILITY_FREE_RWC_DESCENT.pdf
, page1 used on input line 41.
(pdftex.def)             Requested size: 597.55899pt x 422.5328pt.
File: images/INDIANA_IN_DEG_PROBABILITY_FREE_RWC_DESCENT.pdf Graphic file (type
 pdf)

<use images/INDIANA_IN_DEG_PROBABILITY_FREE_RWC_DESCENT.pdf, page 1>
Package pdftex.def Info: images/INDIANA_IN_DEG_PROBABILITY_FREE_RWC_DESCENT.pdf
, page1 used on input line 41.
(pdftex.def)             Requested size: 597.55899pt x 422.5328pt.
File: images/INDIANA_IN_DEG_PROBABILITY_FREE_RWC_DESCENT.pdf Graphic file (type
 pdf)

<use images/INDIANA_IN_DEG_PROBABILITY_FREE_RWC_DESCENT.pdf, page 1>
Package pdftex.def Info: images/INDIANA_IN_DEG_PROBABILITY_FREE_RWC_DESCENT.pdf
, page1 used on input line 41.
(pdftex.def)             Requested size: 597.55899pt x 422.5328pt.
File: images/INDIANA_IN_DEG_PROBABILITY_FREE_RWC_DESCENT.pdf Graphic file (type
 pdf)

<use images/INDIANA_IN_DEG_PROBABILITY_FREE_RWC_DESCENT.pdf, page 1>
Package pdftex.def Info: images/INDIANA_IN_DEG_PROBABILITY_FREE_RWC_DESCENT.pdf
, page1 used on input line 41.
(pdftex.def)             Requested size: 597.55899pt x 422.5328pt.
 [49 <./images/INDIANA_IN_DEG_PROBABILITY_FREE_RWC_DESCENT.pdf>]
<images/RUSSIA_MARCH_IN_DEG_PROBABILITY_FREE_RWC_DESCENT.pdf, id=622, 597.55246
pt x 845.07718pt>
File: images/RUSSIA_MARCH_IN_DEG_PROBABILITY_FREE_RWC_DESCENT.pdf Graphic file 
(type pdf)

<use images/RUSSIA_MARCH_IN_DEG_PROBABILITY_FREE_RWC_DESCENT.pdf>
Package pdftex.def Info: images/RUSSIA_MARCH_IN_DEG_PROBABILITY_FREE_RWC_DESCEN
T.pdf used on input line 42.
(pdftex.def)             Requested size: 597.551pt x 845.07512pt.
File: images/RUSSIA_MARCH_IN_DEG_PROBABILITY_FREE_RWC_DESCENT.pdf Graphic file 
(type pdf)

<use images/RUSSIA_MARCH_IN_DEG_PROBABILITY_FREE_RWC_DESCENT.pdf>
Package pdftex.def Info: images/RUSSIA_MARCH_IN_DEG_PROBABILITY_FREE_RWC_DESCEN
T.pdf used on input line 42.
(pdftex.def)             Requested size: 597.551pt x 845.07512pt.

<images/RUSSIA_MARCH_IN_DEG_PROBABILITY_FREE_RWC_DESCENT.pdf, id=625, page=1, 5
97.55246pt x 845.07718pt>
File: images/RUSSIA_MARCH_IN_DEG_PROBABILITY_FREE_RWC_DESCENT.pdf Graphic file 
(type pdf)

<use images/RUSSIA_MARCH_IN_DEG_PROBABILITY_FREE_RWC_DESCENT.pdf, page 1>
Package pdftex.def Info: images/RUSSIA_MARCH_IN_DEG_PROBABILITY_FREE_RWC_DESCEN
T.pdf, page1 used on input line 42.
(pdftex.def)             Requested size: 597.551pt x 845.07512pt.
File: images/RUSSIA_MARCH_IN_DEG_PROBABILITY_FREE_RWC_DESCENT.pdf Graphic file 
(type pdf)

<use images/RUSSIA_MARCH_IN_DEG_PROBABILITY_FREE_RWC_DESCENT.pdf, page 1>
Package pdftex.def Info: images/RUSSIA_MARCH_IN_DEG_PROBABILITY_FREE_RWC_DESCEN
T.pdf, page1 used on input line 42.
(pdftex.def)             Requested size: 597.57834pt x 845.1138pt.
File: images/RUSSIA_MARCH_IN_DEG_PROBABILITY_FREE_RWC_DESCENT.pdf Graphic file 
(type pdf)

<use images/RUSSIA_MARCH_IN_DEG_PROBABILITY_FREE_RWC_DESCENT.pdf, page 1>
Package pdftex.def Info: images/RUSSIA_MARCH_IN_DEG_PROBABILITY_FREE_RWC_DESCEN
T.pdf, page1 used on input line 42.
(pdftex.def)             Requested size: 597.57834pt x 845.1138pt.
File: images/RUSSIA_MARCH_IN_DEG_PROBABILITY_FREE_RWC_DESCENT.pdf Graphic file 
(type pdf)

<use images/RUSSIA_MARCH_IN_DEG_PROBABILITY_FREE_RWC_DESCENT.pdf, page 1>
Package pdftex.def Info: images/RUSSIA_MARCH_IN_DEG_PROBABILITY_FREE_RWC_DESCEN
T.pdf, page1 used on input line 42.
(pdftex.def)             Requested size: 597.57834pt x 845.1138pt.
File: images/RUSSIA_MARCH_IN_DEG_PROBABILITY_FREE_RWC_DESCENT.pdf Graphic file 
(type pdf)

<use images/RUSSIA_MARCH_IN_DEG_PROBABILITY_FREE_RWC_DESCENT.pdf, page 1>
Package pdftex.def Info: images/RUSSIA_MARCH_IN_DEG_PROBABILITY_FREE_RWC_DESCEN
T.pdf, page1 used on input line 42.
(pdftex.def)             Requested size: 597.57834pt x 845.1138pt.

[50 <./images/RUSSIA_MARCH_IN_DEG_PROBABILITY_FREE_RWC_DESCENT.pdf>]
Underfull \hbox (badness 10000) in paragraph at lines 49--55

 []


Underfull \hbox (badness 10000) in paragraph at lines 49--55

 []


<images/BEEFBAN_IN_DEG_PROBABILITY_FREE_PER_EDGE_DELTA.pdf, id=641, 597.55246pt
 x 845.07718pt>
File: images/BEEFBAN_IN_DEG_PROBABILITY_FREE_PER_EDGE_DELTA.pdf Graphic file (t
ype pdf)

<use images/BEEFBAN_IN_DEG_PROBABILITY_FREE_PER_EDGE_DELTA.pdf>
Package pdftex.def Info: images/BEEFBAN_IN_DEG_PROBABILITY_FREE_PER_EDGE_DELTA.
pdf used on input line 59.
(pdftex.def)             Requested size: 597.551pt x 845.07512pt.
File: images/BEEFBAN_IN_DEG_PROBABILITY_FREE_PER_EDGE_DELTA.pdf Graphic file (t
ype pdf)

<use images/BEEFBAN_IN_DEG_PROBABILITY_FREE_PER_EDGE_DELTA.pdf>
Package pdftex.def Info: images/BEEFBAN_IN_DEG_PROBABILITY_FREE_PER_EDGE_DELTA.
pdf used on input line 59.
(pdftex.def)             Requested size: 597.551pt x 845.07512pt.

<images/BEEFBAN_IN_DEG_PROBABILITY_FREE_PER_EDGE_DELTA.pdf, id=644, page=1, 597
.55246pt x 845.07718pt>
File: images/BEEFBAN_IN_DEG_PROBABILITY_FREE_PER_EDGE_DELTA.pdf Graphic file (t
ype pdf)

<use images/BEEFBAN_IN_DEG_PROBABILITY_FREE_PER_EDGE_DELTA.pdf, page 1>
Package pdftex.def Info: images/BEEFBAN_IN_DEG_PROBABILITY_FREE_PER_EDGE_DELTA.
pdf, page1 used on input line 59.
(pdftex.def)             Requested size: 597.551pt x 845.07512pt.
File: images/BEEFBAN_IN_DEG_PROBABILITY_FREE_PER_EDGE_DELTA.pdf Graphic file (t
ype pdf)

<use images/BEEFBAN_IN_DEG_PROBABILITY_FREE_PER_EDGE_DELTA.pdf, page 1>
Package pdftex.def Info: images/BEEFBAN_IN_DEG_PROBABILITY_FREE_PER_EDGE_DELTA.
pdf, page1 used on input line 59.
(pdftex.def)             Requested size: 597.57834pt x 845.1138pt.

Overfull \vbox (0.59995pt too high) has occurred while \output is active []


[51]
File: images/BEEFBAN_IN_DEG_PROBABILITY_FREE_PER_EDGE_DELTA.pdf Graphic file (t
ype pdf)
 <use images/BEEFBAN_IN_DEG_PROBABILITY_FREE_PER_EDGE_DELTA.pdf, page 1>
Package pdftex.def Info: images/BEEFBAN_IN_DEG_PROBABILITY_FREE_PER_EDGE_DELTA.
pdf, page1 used on input line 59.
(pdftex.def)             Requested size: 597.57834pt x 845.1138pt.
File: images/BEEFBAN_IN_DEG_PROBABILITY_FREE_PER_EDGE_DELTA.pdf Graphic file (t
ype pdf)

<use images/BEEFBAN_IN_DEG_PROBABILITY_FREE_PER_EDGE_DELTA.pdf, page 1>
Package pdftex.def Info: images/BEEFBAN_IN_DEG_PROBABILITY_FREE_PER_EDGE_DELTA.
pdf, page1 used on input line 59.
(pdftex.def)             Requested size: 597.57834pt x 845.1138pt.
File: images/BEEFBAN_IN_DEG_PROBABILITY_FREE_PER_EDGE_DELTA.pdf Graphic file (t
ype pdf)

<use images/BEEFBAN_IN_DEG_PROBABILITY_FREE_PER_EDGE_DELTA.pdf, page 1>
Package pdftex.def Info: images/BEEFBAN_IN_DEG_PROBABILITY_FREE_PER_EDGE_DELTA.
pdf, page1 used on input line 59.
(pdftex.def)             Requested size: 597.57834pt x 845.1138pt.

[52 <./images/BEEFBAN_IN_DEG_PROBABILITY_FREE_PER_EDGE_DELTA.pdf>]
<images/INDIANA_IN_DEG_PROBABILITY_FREE_PER_EDGE_DELTA.pdf, id=663, 597.55246pt
 x 845.07718pt>
File: images/INDIANA_IN_DEG_PROBABILITY_FREE_PER_EDGE_DELTA.pdf Graphic file (t
ype pdf)

<use images/INDIANA_IN_DEG_PROBABILITY_FREE_PER_EDGE_DELTA.pdf>
Package pdftex.def Info: images/INDIANA_IN_DEG_PROBABILITY_FREE_PER_EDGE_DELTA.
pdf used on input line 60.
(pdftex.def)             Requested size: 597.551pt x 845.07512pt.
File: images/INDIANA_IN_DEG_PROBABILITY_FREE_PER_EDGE_DELTA.pdf Graphic file (t
ype pdf)

<use images/INDIANA_IN_DEG_PROBABILITY_FREE_PER_EDGE_DELTA.pdf>
Package pdftex.def Info: images/INDIANA_IN_DEG_PROBABILITY_FREE_PER_EDGE_DELTA.
pdf used on input line 60.
(pdftex.def)             Requested size: 597.551pt x 845.07512pt.

<images/INDIANA_IN_DEG_PROBABILITY_FREE_PER_EDGE_DELTA.pdf, id=666, page=1, 597
.55246pt x 845.07718pt>
File: images/INDIANA_IN_DEG_PROBABILITY_FREE_PER_EDGE_DELTA.pdf Graphic file (t
ype pdf)

<use images/INDIANA_IN_DEG_PROBABILITY_FREE_PER_EDGE_DELTA.pdf, page 1>
Package pdftex.def Info: images/INDIANA_IN_DEG_PROBABILITY_FREE_PER_EDGE_DELTA.
pdf, page1 used on input line 60.
(pdftex.def)             Requested size: 597.551pt x 845.07512pt.
File: images/INDIANA_IN_DEG_PROBABILITY_FREE_PER_EDGE_DELTA.pdf Graphic file (t
ype pdf)

<use images/INDIANA_IN_DEG_PROBABILITY_FREE_PER_EDGE_DELTA.pdf, page 1>
Package pdftex.def Info: images/INDIANA_IN_DEG_PROBABILITY_FREE_PER_EDGE_DELTA.
pdf, page1 used on input line 60.
(pdftex.def)             Requested size: 597.57834pt x 845.1138pt.
File: images/INDIANA_IN_DEG_PROBABILITY_FREE_PER_EDGE_DELTA.pdf Graphic file (t
ype pdf)

<use images/INDIANA_IN_DEG_PROBABILITY_FREE_PER_EDGE_DELTA.pdf, page 1>
Package pdftex.def Info: images/INDIANA_IN_DEG_PROBABILITY_FREE_PER_EDGE_DELTA.
pdf, page1 used on input line 60.
(pdftex.def)             Requested size: 597.57834pt x 845.1138pt.
File: images/INDIANA_IN_DEG_PROBABILITY_FREE_PER_EDGE_DELTA.pdf Graphic file (t
ype pdf)

<use images/INDIANA_IN_DEG_PROBABILITY_FREE_PER_EDGE_DELTA.pdf, page 1>
Package pdftex.def Info: images/INDIANA_IN_DEG_PROBABILITY_FREE_PER_EDGE_DELTA.
pdf, page1 used on input line 60.
(pdftex.def)             Requested size: 597.57834pt x 845.1138pt.
File: images/INDIANA_IN_DEG_PROBABILITY_FREE_PER_EDGE_DELTA.pdf Graphic file (t
ype pdf)

<use images/INDIANA_IN_DEG_PROBABILITY_FREE_PER_EDGE_DELTA.pdf, page 1>
Package pdftex.def Info: images/INDIANA_IN_DEG_PROBABILITY_FREE_PER_EDGE_DELTA.
pdf, page1 used on input line 60.
(pdftex.def)             Requested size: 597.57834pt x 845.1138pt.

[53 <./images/INDIANA_IN_DEG_PROBABILITY_FREE_PER_EDGE_DELTA.pdf>]
<images/RUSSIA_MARCH_IN_DEG_PROBABILITY_FREE_PER_EDGE_DELTA.pdf, id=681, 597.55
246pt x 845.07718pt>
File: images/RUSSIA_MARCH_IN_DEG_PROBABILITY_FREE_PER_EDGE_DELTA.pdf Graphic fi
le (type pdf)

<use images/RUSSIA_MARCH_IN_DEG_PROBABILITY_FREE_PER_EDGE_DELTA.pdf>
Package pdftex.def Info: images/RUSSIA_MARCH_IN_DEG_PROBABILITY_FREE_PER_EDGE_D
ELTA.pdf used on input line 61.
(pdftex.def)             Requested size: 597.551pt x 845.07512pt.
File: images/RUSSIA_MARCH_IN_DEG_PROBABILITY_FREE_PER_EDGE_DELTA.pdf Graphic fi
le (type pdf)

<use images/RUSSIA_MARCH_IN_DEG_PROBABILITY_FREE_PER_EDGE_DELTA.pdf>
Package pdftex.def Info: images/RUSSIA_MARCH_IN_DEG_PROBABILITY_FREE_PER_EDGE_D
ELTA.pdf used on input line 61.
(pdftex.def)             Requested size: 597.551pt x 845.07512pt.

<images/RUSSIA_MARCH_IN_DEG_PROBABILITY_FREE_PER_EDGE_DELTA.pdf, id=684, page=1
, 597.55246pt x 845.07718pt>
File: images/RUSSIA_MARCH_IN_DEG_PROBABILITY_FREE_PER_EDGE_DELTA.pdf Graphic fi
le (type pdf)

<use images/RUSSIA_MARCH_IN_DEG_PROBABILITY_FREE_PER_EDGE_DELTA.pdf, page 1>
Package pdftex.def Info: images/RUSSIA_MARCH_IN_DEG_PROBABILITY_FREE_PER_EDGE_D
ELTA.pdf, page1 used on input line 61.
(pdftex.def)             Requested size: 597.551pt x 845.07512pt.
File: images/RUSSIA_MARCH_IN_DEG_PROBABILITY_FREE_PER_EDGE_DELTA.pdf Graphic fi
le (type pdf)

<use images/RUSSIA_MARCH_IN_DEG_PROBABILITY_FREE_PER_EDGE_DELTA.pdf, page 1>
Package pdftex.def Info: images/RUSSIA_MARCH_IN_DEG_PROBABILITY_FREE_PER_EDGE_D
ELTA.pdf, page1 used on input line 61.
(pdftex.def)             Requested size: 597.57834pt x 845.1138pt.
File: images/RUSSIA_MARCH_IN_DEG_PROBABILITY_FREE_PER_EDGE_DELTA.pdf Graphic fi
le (type pdf)

<use images/RUSSIA_MARCH_IN_DEG_PROBABILITY_FREE_PER_EDGE_DELTA.pdf, page 1>
Package pdftex.def Info: images/RUSSIA_MARCH_IN_DEG_PROBABILITY_FREE_PER_EDGE_D
ELTA.pdf, page1 used on input line 61.
(pdftex.def)             Requested size: 597.57834pt x 845.1138pt.
File: images/RUSSIA_MARCH_IN_DEG_PROBABILITY_FREE_PER_EDGE_DELTA.pdf Graphic fi
le (type pdf)

<use images/RUSSIA_MARCH_IN_DEG_PROBABILITY_FREE_PER_EDGE_DELTA.pdf, page 1>
Package pdftex.def Info: images/RUSSIA_MARCH_IN_DEG_PROBABILITY_FREE_PER_EDGE_D
ELTA.pdf, page1 used on input line 61.
(pdftex.def)             Requested size: 597.57834pt x 845.1138pt.
File: images/RUSSIA_MARCH_IN_DEG_PROBABILITY_FREE_PER_EDGE_DELTA.pdf Graphic fi
le (type pdf)

<use images/RUSSIA_MARCH_IN_DEG_PROBABILITY_FREE_PER_EDGE_DELTA.pdf, page 1>
Package pdftex.def Info: images/RUSSIA_MARCH_IN_DEG_PROBABILITY_FREE_PER_EDGE_D
ELTA.pdf, page1 used on input line 61.
(pdftex.def)             Requested size: 597.57834pt x 845.1138pt.

[54 <./images/RUSSIA_MARCH_IN_DEG_PROBABILITY_FREE_PER_EDGE_DELTA.pdf>])
\openout2 = `chap_5.aux'.


(./chap_5.tex
Capitolo 5.
)

Package blindtext Warning: italian not defined, using English instead.
(blindtext)                 on input line 223.


Package blindtext Warning: italian not defined, using English instead.
(blindtext)                 on input line 223.


Package blindtext Warning: italian not defined, using English instead.
(blindtext)                 on input line 223.


Underfull \vbox (badness 1681) has occurred while \output is active []

 [55



]

Package blindtext Warning: italian not defined, using English instead.
(blindtext)                 on input line 223.


Package blindtext Warning: italian not defined, using English instead.
(blindtext)                 on input line 223.


Package blindtext Warning: italian not defined, using English instead.
(blindtext)                 on input line 223.


Underfull \vbox (badness 10000) has occurred while \output is active []


Overfull \vbox (0.59995pt too high) has occurred while \output is active []


[56]
Overfull \vbox (0.59995pt too high) has occurred while \output is active []


[57]
\openout2 = `app_a.aux'.

 (./app_a.tex
Appendice A.
)

Package blindtext Warning: italian not defined, using English instead.
(blindtext)                 on input line 227.


Package blindtext Warning: italian not defined, using English instead.
(blindtext)                 on input line 227.


Package blindtext Warning: italian not defined, using English instead.
(blindtext)                 on input line 227.


Underfull \vbox (badness 1681) has occurred while \output is active []

 [58



]

Package blindtext Warning: italian not defined, using English instead.
(blindtext)                 on input line 227.


Package blindtext Warning: italian not defined, using English instead.
(blindtext)                 on input line 227.


Package blindtext Warning: italian not defined, using English instead.
(blindtext)                 on input line 227.


Underfull \vbox (badness 10000) has occurred while \output is active []


Overfull \vbox (0.59995pt too high) has occurred while \output is active []


[59]
Overfull \vbox (0.59995pt too high) has occurred while \output is active []


[60]
\openout2 = `app_b.aux'.

 (./app_b.tex
Appendice B.
)

Package blindtext Warning: italian not defined, using English instead.
(blindtext)                 on input line 228.


Package blindtext Warning: italian not defined, using English instead.
(blindtext)                 on input line 228.


Package blindtext Warning: italian not defined, using English instead.
(blindtext)                 on input line 228.


Underfull \vbox (badness 1681) has occurred while \output is active []

 [61



]

Package blindtext Warning: italian not defined, using English instead.
(blindtext)                 on input line 228.


Package blindtext Warning: italian not defined, using English instead.
(blindtext)                 on input line 228.


Package blindtext Warning: italian not defined, using English instead.
(blindtext)                 on input line 228.


Underfull \vbox (badness 10000) has occurred while \output is active []


Overfull \vbox (0.59995pt too high) has occurred while \output is active []


[62]
Overfull \vbox (0.59995pt too high) has occurred while \output is active []


[63]
LaTeX Font Info:    Try loading font information for T1+lmtt on input line 234.

 (/usr/local/texlive/2016/texmf-dist/tex/latex/lm/t1lmtt.fd
File: t1lmtt.fd 2009/10/30 v1.6 Font defs for Latin Modern
)
Package atveryend Info: Empty hook `BeforeClearDocument' on input line 236.
 [64


]
Package atveryend Info: Empty hook `AfterLastShipout' on input line 236.

(./tesi.aux (./chap_0.aux) (./chap_2.aux) (./chap_3.aux) (./chap_4.aux)
(./chap_5.aux) (./app_a.aux) (./app_b.aux))
Package atveryend Info: Executing hook `AtVeryEndDocument' on input line 236.
Package atveryend Info: Executing hook `AtEndAfterFileList' on input line 236.
Package rerunfilecheck Info: File `tesi.out' has not changed.
(rerunfilecheck)             Checksum: 4C08D7CA05681226ED08201EA3D50376;1903.
Package logreq Info: Writing requests to 'tesi.run.xml'.
\openout1 = `tesi.run.xml'.

 ) 
Here is how much of TeX's memory you used:
 20413 strings out of 493013
 323028 string characters out of 6133327
 644968 words of memory out of 5000000
 23295 multiletter control sequences out of 15000+600000
 120061 words of font info for 81 fonts, out of 8000000 for 9000
 1141 hyphenation exceptions out of 8191
 45i,19n,45p,2618b,1400s stack positions out of 5000i,500n,10000p,200000b,80000s
{/usr/local/texlive/2016/texmf-dist/fonts/enc/dvips/lm/lm-ec.enc}{/usr/local/
texlive/2016/texmf-dist/fonts/enc/dvips/lm/lm-mathsy.enc}{/usr/local/texlive/20
16/texmf-dist/fonts/enc/dvips/lm/lm-rm.enc}{/usr/local/texlive/2016/texmf-dist/
fonts/enc/dvips/lm/lm-mathit.enc}{/usr/local/texlive/2016/texmf-dist/fonts/enc/
dvips/lm/lm-ts1.enc}{/usr/local/texlive/2016/texmf-dist/fonts/enc/dvips/lm/lm-m
athex.enc}</usr/local/texlive/2016/texmf-dist/fonts/type1/public/lm/lmbx12.pfb>
</usr/local/texlive/2016/texmf-dist/fonts/type1/public/lm/lmbxi10.pfb></usr/loc
al/texlive/2016/texmf-dist/fonts/type1/public/lm/lmcsc10.pfb></usr/local/texliv
e/2016/texmf-dist/fonts/type1/public/lm/lmex10.pfb></usr/local/texlive/2016/tex
mf-dist/fonts/type1/public/lm/lmmi10.pfb></usr/local/texlive/2016/texmf-dist/fo
nts/type1/public/lm/lmmi12.pfb></usr/local/texlive/2016/texmf-dist/fonts/type1/
public/lm/lmmi7.pfb></usr/local/texlive/2016/texmf-dist/fonts/type1/public/lm/l
mmi8.pfb></usr/local/texlive/2016/texmf-dist/fonts/type1/public/lm/lmr10.pfb></
usr/local/texlive/2016/texmf-dist/fonts/type1/public/lm/lmr12.pfb></usr/local/t
exlive/2016/texmf-dist/fonts/type1/public/lm/lmr17.pfb></usr/local/texlive/2016
/texmf-dist/fonts/type1/public/lm/lmr6.pfb></usr/local/texlive/2016/texmf-dist/
fonts/type1/public/lm/lmr7.pfb></usr/local/texlive/2016/texmf-dist/fonts/type1/
public/lm/lmr8.pfb></usr/local/texlive/2016/texmf-dist/fonts/type1/public/lm/lm
ri10.pfb></usr/local/texlive/2016/texmf-dist/fonts/type1/public/lm/lmri12.pfb><
/usr/local/texlive/2016/texmf-dist/fonts/type1/public/lm/lmri8.pfb></usr/local/
texlive/2016/texmf-dist/fonts/type1/public/lm/lmro10.pfb></usr/local/texlive/20
16/texmf-dist/fonts/type1/public/lm/lmsy10.pfb></usr/local/texlive/2016/texmf-d
ist/fonts/type1/public/lm/lmsy7.pfb></usr/local/texlive/2016/texmf-dist/fonts/t
ype1/public/lm/lmsy8.pfb></usr/local/texlive/2016/texmf-dist/fonts/type1/public
/lm/lmtt12.pfb>
Output written on tesi.pdf (75 pages, 3203697 bytes).
PDF statistics:
 891 PDF objects out of 1000 (max. 8388607)
 737 compressed objects within 8 object streams
 237 named destinations out of 1000 (max. 500000)
 359 words of extra memory for PDF output out of 10000 (max. 10000000)

